---------------------------------------------------------------
[ 2018-02-08T15:21:33+08:00 ] 127.0.0.1 GET /admin
[ info ] www.tplay.im/admin [运行时间：0.467027s][吞吐率：2.14req/s] [内存消耗：2,604.57kb] [文件加载：56]
[ info ] [ LANG ] E:\phpStudy\WWW\tplay\simport\thinkphp\lang\zh-cn.php
[ info ] [ DB ] INIT mysql
[ info ] [ ROUTE ] array (
  'type' => 'module',
  'module' => 
  array (
    0 => 'admin',
    1 => NULL,
    2 => NULL,
  ),
)
[ info ] [ HEADER ] array (
  'host' => 'www.tplay.im',
  'connection' => 'keep-alive',
  'cache-control' => 'max-age=0',
  'upgrade-insecure-requests' => '1',
  'user-agent' => 'Mozilla/5.0 (Windows NT 6.1; Win64; x64) AppleWebKit/537.36 (KHTML, like Gecko) Chrome/63.0.3239.108 Safari/537.36',
  'accept' => 'text/html,application/xhtml+xml,application/xml;q=0.9,image/webp,image/apng,*/*;q=0.8',
  'accept-encoding' => 'gzip, deflate',
  'accept-language' => 'zh-CN,zh;q=0.9',
)
[ info ] [ PARAM ] array (
)
[ info ] [ SESSION ] INIT array (
  'id' => '',
  'var_session_id' => '',
  'prefix' => 'think',
  'type' => '',
  'auto_start' => true,
)
[ info ] [ LOG ] INIT File
[ sql ] [ DB ] CONNECT:[ UseTime:0.002000s ] mysql:host=127.0.0.1;port=3306;dbname=tplay;charset=utf8
[ sql ] [ SQL ] SHOW COLUMNS FROM `tplay_urlconfig` [ RunTime:0.041003s ]
[ sql ] [ SQL ] SELECT `aliases`,`url` FROM `tplay_urlconfig` WHERE  `status` = 1 [ RunTime:0.001000s ]
[ sql ] [ SQL ] SHOW COLUMNS FROM `tplay_webconfig` [ RunTime:0.034002s ]
[ sql ] [ SQL ] SELECT `black_ip` FROM `tplay_webconfig` WHERE  `web` = 'web' LIMIT 1 [ RunTime:0.000000s ]
---------------------------------------------------------------
[ 2018-02-08T15:21:33+08:00 ] 127.0.0.1 GET /admin/common/login.shtml
[ info ] www.tplay.im/admin/common/login.shtml [运行时间：0.080005s][吞吐率：12.50req/s] [内存消耗：2,607.23kb] [文件加载：55]
[ info ] [ LANG ] E:\phpStudy\WWW\tplay\simport\thinkphp\lang\zh-cn.php
[ info ] [ DB ] INIT mysql
[ info ] [ ROUTE ] array (
  'type' => 'module',
  'module' => 
  array (
    0 => 'admin',
    1 => 'common',
    2 => 'login',
  ),
)
[ info ] [ HEADER ] array (
  'host' => 'www.tplay.im',
  'connection' => 'keep-alive',
  'cache-control' => 'max-age=0',
  'upgrade-insecure-requests' => '1',
  'user-agent' => 'Mozilla/5.0 (Windows NT 6.1; Win64; x64) AppleWebKit/537.36 (KHTML, like Gecko) Chrome/63.0.3239.108 Safari/537.36',
  'accept' => 'text/html,application/xhtml+xml,application/xml;q=0.9,image/webp,image/apng,*/*;q=0.8',
  'accept-encoding' => 'gzip, deflate',
  'accept-language' => 'zh-CN,zh;q=0.9',
  'cookie' => 'PHPSESSID=po7kblg51fc49ech5hkjf5pih0',
)
[ info ] [ PARAM ] array (
)
[ info ] [ RUN ] app\admin\controller\Common->login[ E:\phpStudy\WWW\tplay\app\admin\controller\Common.php ]
[ info ] [ SESSION ] INIT array (
  'id' => '',
  'var_session_id' => '',
  'prefix' => 'think',
  'type' => '',
  'auto_start' => true,
)
[ info ] [ VIEW ] E:\phpStudy\WWW\tplay\public/../app/admin\view\common\login.html [ array (
) ]
[ info ] [ LOG ] INIT File
[ sql ] [ DB ] CONNECT:[ UseTime:0.011000s ] mysql:host=127.0.0.1;port=3306;dbname=tplay;charset=utf8
[ sql ] [ SQL ] SHOW COLUMNS FROM `tplay_urlconfig` [ RunTime:0.007001s ]
[ sql ] [ SQL ] SELECT `aliases`,`url` FROM `tplay_urlconfig` WHERE  `status` = 1 [ RunTime:0.001000s ]
---------------------------------------------------------------
[ 2018-02-08T15:21:33+08:00 ] 127.0.0.1 GET /captcha.shtml
[ info ] www.tplay.im/captcha.shtml [运行时间：0.100006s][吞吐率：10.00req/s] [内存消耗：2,248.47kb] [文件加载：45]
[ info ] [ LANG ] E:\phpStudy\WWW\tplay\simport\thinkphp\lang\zh-cn.php
[ info ] [ DB ] INIT mysql
[ info ] [ ROUTE ] array (
  'type' => 'method',
  'method' => 
  array (
    0 => '\\think\\captcha\\CaptchaController',
    1 => 'index',
  ),
  'var' => 
  array (
  ),
)
[ info ] [ HEADER ] array (
  'host' => 'www.tplay.im',
  'connection' => 'keep-alive',
  'user-agent' => 'Mozilla/5.0 (Windows NT 6.1; Win64; x64) AppleWebKit/537.36 (KHTML, like Gecko) Chrome/63.0.3239.108 Safari/537.36',
  'accept' => 'image/webp,image/apng,image/*,*/*;q=0.8',
  'referer' => 'http://www.tplay.im/admin/common/login.shtml',
  'accept-encoding' => 'gzip, deflate',
  'accept-language' => 'zh-CN,zh;q=0.9',
  'cookie' => 'PHPSESSID=po7kblg51fc49ech5hkjf5pih0',
)
[ info ] [ PARAM ] array (
  'id' => NULL,
)
[ info ] [ RUN ] think\captcha\CaptchaController->index[ E:\phpStudy\WWW\tplay\simport\vendor\topthink\think-captcha\src\CaptchaController.php ]
[ info ] [ SESSION ] INIT array (
  'id' => '',
  'var_session_id' => '',
  'prefix' => 'think',
  'type' => '',
  'auto_start' => true,
)
[ info ] [ LOG ] INIT File
[ sql ] [ DB ] CONNECT:[ UseTime:0.002000s ] mysql:host=127.0.0.1;port=3306;dbname=tplay;charset=utf8
[ sql ] [ SQL ] SHOW COLUMNS FROM `tplay_urlconfig` [ RunTime:0.021001s ]
[ sql ] [ SQL ] SELECT `aliases`,`url` FROM `tplay_urlconfig` WHERE  `status` = 1 [ RunTime:0.002000s ]
---------------------------------------------------------------
[ 2018-02-08T15:21:43+08:00 ] 127.0.0.1 POST /admin/common/login.shtml
[ info ] www.tplay.im/admin/common/login.shtml [运行时间：0.206012s][吞吐率：4.85req/s] [内存消耗：2,804.92kb] [文件加载：60]
[ info ] [ LANG ] E:\phpStudy\WWW\tplay\simport\thinkphp\lang\zh-cn.php
[ info ] [ DB ] INIT mysql
[ info ] [ ROUTE ] array (
  'type' => 'module',
  'module' => 
  array (
    0 => 'admin',
    1 => 'common',
    2 => 'login',
  ),
)
[ info ] [ HEADER ] array (
  'host' => 'www.tplay.im',
  'connection' => 'keep-alive',
  'content-length' => '89',
  'accept' => '*/*',
  'origin' => 'http://www.tplay.im',
  'x-requested-with' => 'XMLHttpRequest',
  'user-agent' => 'Mozilla/5.0 (Windows NT 6.1; Win64; x64) AppleWebKit/537.36 (KHTML, like Gecko) Chrome/63.0.3239.108 Safari/537.36',
  'content-type' => 'application/x-www-form-urlencoded; charset=UTF-8',
  'referer' => 'http://www.tplay.im/admin/common/login.shtml',
  'accept-encoding' => 'gzip, deflate',
  'accept-language' => 'zh-CN,zh;q=0.9',
  'cookie' => 'PHPSESSID=po7kblg51fc49ech5hkjf5pih0',
)
[ info ] [ PARAM ] array (
  'name' => 'admin',
  'password' => 'tplay',
  'captcha' => 'h3m4',
  '__token__' => 'f35790da300574ed39947d0f70320e04ac6bd448',
)
[ info ] [ RUN ] app\admin\controller\Common->login[ E:\phpStudy\WWW\tplay\app\admin\controller\Common.php ]
[ info ] [ SESSION ] INIT array (
  'id' => '',
  'var_session_id' => '',
  'prefix' => 'think',
  'type' => '',
  'auto_start' => true,
)
[ info ] [ CACHE ] INIT File
[ info ] [ LOG ] INIT File
[ sql ] [ DB ] CONNECT:[ UseTime:0.010001s ] mysql:host=127.0.0.1;port=3306;dbname=tplay;charset=utf8
[ sql ] [ SQL ] SHOW COLUMNS FROM `tplay_urlconfig` [ RunTime:0.007000s ]
[ sql ] [ SQL ] SELECT `aliases`,`url` FROM `tplay_urlconfig` WHERE  `status` = 1 [ RunTime:0.001000s ]
[ sql ] [ SQL ] SHOW COLUMNS FROM `tplay_admin` [ RunTime:0.038003s ]
[ sql ] [ SQL ] SELECT * FROM `tplay_admin` WHERE  `name` = 'admin' LIMIT 1 [ RunTime:0.001000s ]
[ sql ] [ SQL ] UPDATE `tplay_admin`  SET `login_ip`='127.0.0.1',`login_time`=1518074503  WHERE  `id` = 1 [ RunTime:0.000000s ]
[ sql ] [ SQL ] SHOW COLUMNS FROM `tplay_webconfig` [ RunTime:0.006001s ]
[ sql ] [ SQL ] SELECT * FROM `tplay_webconfig` WHERE  `web` = 'web' LIMIT 1 [ RunTime:0.000000s ]
[ sql ] [ SQL ] SHOW COLUMNS FROM `tplay_admin_menu` [ RunTime:0.024001s ]
[ sql ] [ SQL ] SELECT `id` FROM `tplay_admin_menu` WHERE  `module` = 'admin'  AND `controller` = 'Common'  AND `function` = 'login'  AND `parameter` = 'common=' LIMIT 1 [ RunTime:0.011001s ]
[ sql ] [ SQL ] SELECT `id` FROM `tplay_admin_menu` WHERE  `module` = 'admin'  AND `controller` = 'Common'  AND `function` = 'login' LIMIT 1 [ RunTime:0.001000s ]
[ sql ] [ SQL ] SHOW COLUMNS FROM `tplay_admin_log` [ RunTime:0.025001s ]
[ sql ] [ SQL ] INSERT INTO `tplay_admin_log` (`operation_id` , `admin_id` , `ip` , `create_time` , `admin_menu_id`) VALUES ('' , 1 , '127.0.0.1' , 1518074503 , 50) [ RunTime:0.004001s ]
---------------------------------------------------------------
[ 2018-02-08T15:21:45+08:00 ] 127.0.0.1 GET /admin/index/index.shtml
[ info ] www.tplay.im/admin/index/index.shtml [运行时间：0.166009s][吞吐率：6.02req/s] [内存消耗：2,673.72kb] [文件加载：55]
[ info ] [ LANG ] E:\phpStudy\WWW\tplay\simport\thinkphp\lang\zh-cn.php
[ info ] [ DB ] INIT mysql
[ info ] [ ROUTE ] array (
  'type' => 'module',
  'module' => 
  array (
    0 => 'admin',
    1 => 'index',
    2 => 'index',
  ),
)
[ info ] [ HEADER ] array (
  'host' => 'www.tplay.im',
  'connection' => 'keep-alive',
  'upgrade-insecure-requests' => '1',
  'user-agent' => 'Mozilla/5.0 (Windows NT 6.1; Win64; x64) AppleWebKit/537.36 (KHTML, like Gecko) Chrome/63.0.3239.108 Safari/537.36',
  'accept' => 'text/html,application/xhtml+xml,application/xml;q=0.9,image/webp,image/apng,*/*;q=0.8',
  'referer' => 'http://www.tplay.im/admin/common/login.shtml',
  'accept-encoding' => 'gzip, deflate',
  'accept-language' => 'zh-CN,zh;q=0.9',
  'cookie' => 'PHPSESSID=po7kblg51fc49ech5hkjf5pih0',
)
[ info ] [ PARAM ] array (
)
[ info ] [ SESSION ] INIT array (
  'id' => '',
  'var_session_id' => '',
  'prefix' => 'think',
  'type' => '',
  'auto_start' => true,
)
[ info ] [ RUN ] app\admin\controller\Index->index[ E:\phpStudy\WWW\tplay\app\admin\controller\Index.php ]
[ info ] [ VIEW ] E:\phpStudy\WWW\tplay\public/../app/admin\view\index\index.html [ array (
  0 => 'menus',
  1 => 'cookie',
) ]
[ info ] [ LOG ] INIT File
[ sql ] [ DB ] CONNECT:[ UseTime:0.010001s ] mysql:host=127.0.0.1;port=3306;dbname=tplay;charset=utf8
[ sql ] [ SQL ] SHOW COLUMNS FROM `tplay_urlconfig` [ RunTime:0.008000s ]
[ sql ] [ SQL ] SELECT `aliases`,`url` FROM `tplay_urlconfig` WHERE  `status` = 1 [ RunTime:0.001000s ]
[ sql ] [ SQL ] SHOW COLUMNS FROM `tplay_webconfig` [ RunTime:0.007000s ]
[ sql ] [ SQL ] SELECT `black_ip` FROM `tplay_webconfig` WHERE  `web` = 'web' LIMIT 1 [ RunTime:0.000000s ]
[ sql ] [ SQL ] SHOW COLUMNS FROM `tplay_admin_cate` [ RunTime:0.032002s ]
[ sql ] [ SQL ] SELECT `permissions` FROM `tplay_admin_cate` WHERE  `id` = 1 LIMIT 1 [ RunTime:0.000000s ]
[ sql ] [ SQL ] SHOW COLUMNS FROM `tplay_admin_menu` [ RunTime:0.007001s ]
[ sql ] [ SQL ] SELECT * FROM `tplay_admin_menu` WHERE  `module` = 'admin'  AND `controller` = 'Index'  AND `function` = 'index'  AND `type` = 1 LIMIT 1 [ RunTime:0.001000s ]
[ sql ] [ SQL ] SELECT * FROM `tplay_admin_menu` WHERE  `is_display` = 1 ORDER BY orders asc [ RunTime:0.001000s ]
[ sql ] [ SQL ] SELECT `permissions` FROM `tplay_admin_cate` WHERE  `id` = 1 LIMIT 1 [ RunTime:0.000000s ]
[ sql ] [ SQL ] SHOW COLUMNS FROM `tplay_admin` [ RunTime:0.007000s ]
[ sql ] [ SQL ] SELECT * FROM `tplay_admin` WHERE  `id` = 1 LIMIT 1 [ RunTime:0.000000s ]
[ sql ] [ SQL ] SHOW COLUMNS FROM `tplay_attachment` [ RunTime:0.025001s ]
[ sql ] [ SQL ] SELECT * FROM `tplay_attachment` WHERE  `id` = 1 LIMIT 1 [ RunTime:0.001000s ]
---------------------------------------------------------------
[ 2018-02-08T15:21:46+08:00 ] 127.0.0.1 GET /admin/main/index
[ info ] www.tplay.im/admin/main/index [运行时间：0.313018s][吞吐率：3.19req/s] [内存消耗：2,709.02kb] [文件加载：55]
[ info ] [ LANG ] E:\phpStudy\WWW\tplay\simport\thinkphp\lang\zh-cn.php
[ info ] [ DB ] INIT mysql
[ info ] [ ROUTE ] array (
  'type' => 'module',
  'module' => 
  array (
    0 => 'admin',
    1 => 'main',
    2 => 'index',
  ),
)
[ info ] [ HEADER ] array (
  'host' => 'www.tplay.im',
  'connection' => 'keep-alive',
  'upgrade-insecure-requests' => '1',
  'user-agent' => 'Mozilla/5.0 (Windows NT 6.1; Win64; x64) AppleWebKit/537.36 (KHTML, like Gecko) Chrome/63.0.3239.108 Safari/537.36',
  'accept' => 'text/html,application/xhtml+xml,application/xml;q=0.9,image/webp,image/apng,*/*;q=0.8',
  'referer' => 'http://www.tplay.im/admin/index/index.shtml',
  'accept-encoding' => 'gzip, deflate',
  'accept-language' => 'zh-CN,zh;q=0.9',
  'cookie' => 'PHPSESSID=po7kblg51fc49ech5hkjf5pih0',
)
[ info ] [ PARAM ] array (
)
[ info ] [ SESSION ] INIT array (
  'id' => '',
  'var_session_id' => '',
  'prefix' => 'think',
  'type' => '',
  'auto_start' => true,
)
[ info ] [ RUN ] app\admin\controller\Main->index[ E:\phpStudy\WWW\tplay\app\admin\controller\Main.php ]
[ info ] [ VIEW ] E:\phpStudy\WWW\tplay\public/../app/admin\view\main\index.html [ array (
  0 => 'info',
  1 => 'web',
) ]
[ info ] [ LOG ] INIT File
[ sql ] [ DB ] CONNECT:[ UseTime:0.010000s ] mysql:host=127.0.0.1;port=3306;dbname=tplay;charset=utf8
[ sql ] [ SQL ] SHOW COLUMNS FROM `tplay_urlconfig` [ RunTime:0.007000s ]
[ sql ] [ SQL ] SELECT `aliases`,`url` FROM `tplay_urlconfig` WHERE  `status` = 1 [ RunTime:0.000000s ]
[ sql ] [ SQL ] SHOW COLUMNS FROM `tplay_webconfig` [ RunTime:0.006001s ]
[ sql ] [ SQL ] SELECT `black_ip` FROM `tplay_webconfig` WHERE  `web` = 'web' LIMIT 1 [ RunTime:0.000000s ]
[ sql ] [ SQL ] SHOW COLUMNS FROM `tplay_admin_cate` [ RunTime:0.006000s ]
[ sql ] [ SQL ] SELECT `permissions` FROM `tplay_admin_cate` WHERE  `id` = 1 LIMIT 1 [ RunTime:0.000000s ]
[ sql ] [ SQL ] SHOW COLUMNS FROM `tplay_admin_menu` [ RunTime:0.007001s ]
[ sql ] [ SQL ] SELECT * FROM `tplay_admin_menu` WHERE  `module` = 'admin'  AND `controller` = 'Main'  AND `function` = 'index'  AND `type` = 1  AND `parameter` = 'main=' LIMIT 1 [ RunTime:0.001000s ]
[ sql ] [ SQL ] SELECT * FROM `tplay_admin_menu` WHERE  `module` = 'admin'  AND `controller` = 'Main'  AND `function` = 'index'  AND `type` = 1 LIMIT 1 [ RunTime:0.001000s ]
[ sql ] [ SQL ] SHOW COLUMNS FROM `tplay_admin` [ RunTime:0.006000s ]
[ sql ] [ SQL ] SELECT COUNT(*) AS tp_count FROM `tplay_admin` LIMIT 1 [ RunTime:0.000000s ]
[ sql ] [ SQL ] SELECT COUNT(*) AS tp_count FROM `tplay_admin_cate` LIMIT 1 [ RunTime:0.001000s ]
[ sql ] [ SQL ] SELECT `black_ip` FROM `tplay_webconfig` LIMIT 1 [ RunTime:0.000000s ]
[ sql ] [ SQL ] SHOW COLUMNS FROM `tplay_article` [ RunTime:0.056003s ]
[ sql ] [ SQL ] SELECT COUNT(*) AS tp_count FROM `tplay_article` LIMIT 1 [ RunTime:0.001001s ]
[ sql ] [ SQL ] SELECT COUNT(*) AS tp_count FROM `tplay_article` WHERE  `status` = 0 LIMIT 1 [ RunTime:0.001000s ]
[ sql ] [ SQL ] SELECT COUNT(*) AS tp_count FROM `tplay_article` WHERE  `is_top` = 1 LIMIT 1 [ RunTime:0.001000s ]
[ sql ] [ SQL ] SHOW COLUMNS FROM `tplay_attachment` [ RunTime:0.019001s ]
[ sql ] [ SQL ] SELECT COUNT(*) AS tp_count FROM `tplay_attachment` LIMIT 1 [ RunTime:0.000000s ]
[ sql ] [ SQL ] SELECT COUNT(*) AS tp_count FROM `tplay_attachment` WHERE  `status` = 0 LIMIT 1 [ RunTime:0.001000s ]
[ sql ] [ SQL ] SELECT COUNT(*) AS tp_count FROM `tplay_attachment` WHERE  `status` = -1 LIMIT 1 [ RunTime:0.001000s ]
[ sql ] [ SQL ] SHOW COLUMNS FROM `tplay_messages` [ RunTime:0.054003s ]
[ sql ] [ SQL ] SELECT COUNT(*) AS tp_count FROM `tplay_messages` LIMIT 1 [ RunTime:0.000000s ]
[ sql ] [ SQL ] SELECT COUNT(*) AS tp_count FROM `tplay_messages` WHERE  `is_look` = 0 LIMIT 1 [ RunTime:0.001000s ]
[ sql ] [ SQL ] SHOW COLUMNS FROM `tplay_admin_log` [ RunTime:0.010001s ]
[ sql ] [ SQL ] SELECT COUNT(*) AS tp_count FROM `tplay_admin_log` WHERE  `admin_menu_id` = 50  AND ( `create_time` >= 1517241600 AND `create_time` <= 1517328000 ) LIMIT 1 [ RunTime:0.001000s ]
[ sql ] [ SQL ] SELECT COUNT(*) AS tp_count FROM `tplay_admin_log` WHERE  `admin_menu_id` = 50  AND ( `create_time` >= 1517328000 AND `create_time` <= 1517414400 ) LIMIT 1 [ RunTime:0.000000s ]
[ sql ] [ SQL ] SELECT COUNT(*) AS tp_count FROM `tplay_admin_log` WHERE  `admin_menu_id` = 50  AND ( `create_time` >= 1517414400 AND `create_time` <= 1517500800 ) LIMIT 1 [ RunTime:0.000000s ]
[ sql ] [ SQL ] SELECT COUNT(*) AS tp_count FROM `tplay_admin_log` WHERE  `admin_menu_id` = 50  AND ( `create_time` >= 1517500800 AND `create_time` <= 1517587200 ) LIMIT 1 [ RunTime:0.001000s ]
[ sql ] [ SQL ] SELECT COUNT(*) AS tp_count FROM `tplay_admin_log` WHERE  `admin_menu_id` = 50  AND ( `create_time` >= 1517587200 AND `create_time` <= 1517673600 ) LIMIT 1 [ RunTime:0.001000s ]
[ sql ] [ SQL ] SELECT COUNT(*) AS tp_count FROM `tplay_admin_log` WHERE  `admin_menu_id` = 50  AND ( `create_time` >= 1517673600 AND `create_time` <= 1517760000 ) LIMIT 1 [ RunTime:0.001000s ]
[ sql ] [ SQL ] SELECT COUNT(*) AS tp_count FROM `tplay_admin_log` WHERE  `admin_menu_id` = 50  AND ( `create_time` >= 1517760000 AND `create_time` <= 1517846400 ) LIMIT 1 [ RunTime:0.001000s ]
[ sql ] [ SQL ] SELECT COUNT(*) AS tp_count FROM `tplay_admin_log` WHERE  `admin_menu_id` = 50  AND ( `create_time` >= 1517846400 AND `create_time` <= 1517932800 ) LIMIT 1 [ RunTime:0.001000s ]
[ sql ] [ SQL ] SELECT COUNT(*) AS tp_count FROM `tplay_admin_log` WHERE  `admin_menu_id` = 50  AND ( `create_time` >= 1517932800 AND `create_time` <= 1518019200 ) LIMIT 1 [ RunTime:0.001000s ]
[ sql ] [ SQL ] SELECT COUNT(*) AS tp_count FROM `tplay_admin_log` WHERE  `admin_menu_id` = 50  AND ( `create_time` >= 1518019200 AND `create_time` <= 1518105600 ) LIMIT 1 [ RunTime:0.001000s ]
---------------------------------------------------------------
[ 2018-02-08T15:21:46+08:00 ] 127.0.0.1 GET /static/admin/css/layer.css
[ info ] www.tplay.im/static/admin/css/layer.css [运行时间：0.093005s][吞吐率：10.75req/s] [内存消耗：2,223.79kb] [文件加载：46]
[ info ] [ LANG ] E:\phpStudy\WWW\tplay\simport\thinkphp\lang\zh-cn.php
[ info ] [ DB ] INIT mysql
[ info ] [ ROUTE ] array (
  'type' => 'module',
  'module' => 
  array (
    0 => 'static',
    1 => 'admin',
    2 => 'css',
  ),
)
[ info ] [ HEADER ] array (
  'host' => 'www.tplay.im',
  'connection' => 'keep-alive',
  'user-agent' => 'Mozilla/5.0 (Windows NT 6.1; Win64; x64) AppleWebKit/537.36 (KHTML, like Gecko) Chrome/63.0.3239.108 Safari/537.36',
  'accept' => 'text/css,*/*;q=0.1',
  'referer' => 'http://www.tplay.im/admin/main/index',
  'accept-encoding' => 'gzip, deflate',
  'accept-language' => 'zh-CN,zh;q=0.9',
  'cookie' => 'PHPSESSID=po7kblg51fc49ech5hkjf5pih0',
)
[ info ] [ PARAM ] array (
)
[ info ] [ LOG ] INIT File
[ sql ] [ DB ] CONNECT:[ UseTime:0.011001s ] mysql:host=127.0.0.1;port=3306;dbname=tplay;charset=utf8
[ sql ] [ SQL ] SHOW COLUMNS FROM `tplay_urlconfig` [ RunTime:0.007000s ]
[ sql ] [ SQL ] SELECT `aliases`,`url` FROM `tplay_urlconfig` WHERE  `status` = 1 [ RunTime:0.000000s ]
---------------------------------------------------------------
[ 2018-02-08T15:21:46+08:00 ] 127.0.0.1 GET /static/admin/css/layer.css
[ info ] www.tplay.im/static/admin/css/layer.css [运行时间：0.041002s][吞吐率：24.39req/s] [内存消耗：2,223.71kb] [文件加载：46]
[ info ] [ LANG ] E:\phpStudy\WWW\tplay\simport\thinkphp\lang\zh-cn.php
[ info ] [ DB ] INIT mysql
[ info ] [ ROUTE ] array (
  'type' => 'module',
  'module' => 
  array (
    0 => 'static',
    1 => 'admin',
    2 => 'css',
  ),
)
[ info ] [ HEADER ] array (
  'host' => 'www.tplay.im',
  'connection' => 'keep-alive',
  'user-agent' => 'Mozilla/5.0 (Windows NT 6.1; Win64; x64) AppleWebKit/537.36 (KHTML, like Gecko) Chrome/63.0.3239.108 Safari/537.36',
  'accept' => 'text/css,*/*;q=0.1',
  'referer' => 'http://www.tplay.im/admin/main/index',
  'accept-encoding' => 'gzip, deflate',
  'accept-language' => 'zh-CN,zh;q=0.9',
  'cookie' => 'PHPSESSID=po7kblg51fc49ech5hkjf5pih0',
)
[ info ] [ PARAM ] array (
)
[ info ] [ LOG ] INIT File
[ sql ] [ DB ] CONNECT:[ UseTime:0.000000s ] mysql:host=127.0.0.1;port=3306;dbname=tplay;charset=utf8
[ sql ] [ SQL ] SHOW COLUMNS FROM `tplay_urlconfig` [ RunTime:0.007001s ]
[ sql ] [ SQL ] SELECT `aliases`,`url` FROM `tplay_urlconfig` WHERE  `status` = 1 [ RunTime:0.001000s ]
---------------------------------------------------------------
[ 2018-02-08T15:41:48+08:00 ] 127.0.0.1 GET /admin/index/index.shtml
[ info ] www.tplay.im/admin/index/index.shtml [运行时间：0.106006s][吞吐率：9.43req/s] [内存消耗：2,673.95kb] [文件加载：55]
[ info ] [ LANG ] E:\phpStudy\WWW\tplay\simport\thinkphp\lang\zh-cn.php
[ info ] [ DB ] INIT mysql
[ info ] [ ROUTE ] array (
  'type' => 'module',
  'module' => 
  array (
    0 => 'admin',
    1 => 'index',
    2 => 'index',
  ),
)
[ info ] [ HEADER ] array (
  'host' => 'www.tplay.im',
  'connection' => 'keep-alive',
  'cache-control' => 'max-age=0',
  'user-agent' => 'Mozilla/5.0 (Windows NT 6.1; Win64; x64) AppleWebKit/537.36 (KHTML, like Gecko) Chrome/63.0.3239.108 Safari/537.36',
  'upgrade-insecure-requests' => '1',
  'accept' => 'text/html,application/xhtml+xml,application/xml;q=0.9,image/webp,image/apng,*/*;q=0.8',
  'referer' => 'http://www.tplay.im/admin/common/login.shtml',
  'accept-encoding' => 'gzip, deflate',
  'accept-language' => 'zh-CN,zh;q=0.9',
  'cookie' => 'PHPSESSID=po7kblg51fc49ech5hkjf5pih0',
)
[ info ] [ PARAM ] array (
)
[ info ] [ SESSION ] INIT array (
  'id' => '',
  'var_session_id' => '',
  'prefix' => 'think',
  'type' => '',
  'auto_start' => true,
)
[ info ] [ RUN ] app\admin\controller\Index->index[ E:\phpStudy\WWW\tplay\app\admin\controller\Index.php ]
[ info ] [ VIEW ] E:\phpStudy\WWW\tplay\public/../app/admin\view\index\index.html [ array (
  0 => 'menus',
  1 => 'cookie',
) ]
[ info ] [ LOG ] INIT File
[ sql ] [ DB ] CONNECT:[ UseTime:0.002000s ] mysql:host=127.0.0.1;port=3306;dbname=tplay;charset=utf8
[ sql ] [ SQL ] SHOW COLUMNS FROM `tplay_urlconfig` [ RunTime:0.007001s ]
[ sql ] [ SQL ] SELECT `aliases`,`url` FROM `tplay_urlconfig` WHERE  `status` = 1 [ RunTime:0.000000s ]
[ sql ] [ SQL ] SHOW COLUMNS FROM `tplay_webconfig` [ RunTime:0.007001s ]
[ sql ] [ SQL ] SELECT `black_ip` FROM `tplay_webconfig` WHERE  `web` = 'web' LIMIT 1 [ RunTime:0.000000s ]
[ sql ] [ SQL ] SHOW COLUMNS FROM `tplay_admin_cate` [ RunTime:0.008000s ]
[ sql ] [ SQL ] SELECT `permissions` FROM `tplay_admin_cate` WHERE  `id` = 1 LIMIT 1 [ RunTime:0.000000s ]
[ sql ] [ SQL ] SHOW COLUMNS FROM `tplay_admin_menu` [ RunTime:0.008001s ]
[ sql ] [ SQL ] SELECT * FROM `tplay_admin_menu` WHERE  `module` = 'admin'  AND `controller` = 'Index'  AND `function` = 'index'  AND `type` = 1 LIMIT 1 [ RunTime:0.001000s ]
[ sql ] [ SQL ] SELECT * FROM `tplay_admin_menu` WHERE  `is_display` = 1 ORDER BY orders asc [ RunTime:0.001000s ]
[ sql ] [ SQL ] SELECT `permissions` FROM `tplay_admin_cate` WHERE  `id` = 1 LIMIT 1 [ RunTime:0.001000s ]
[ sql ] [ SQL ] SHOW COLUMNS FROM `tplay_admin` [ RunTime:0.009000s ]
[ sql ] [ SQL ] SELECT * FROM `tplay_admin` WHERE  `id` = 1 LIMIT 1 [ RunTime:0.000000s ]
[ sql ] [ SQL ] SHOW COLUMNS FROM `tplay_attachment` [ RunTime:0.008000s ]
[ sql ] [ SQL ] SELECT * FROM `tplay_attachment` WHERE  `id` = 1 LIMIT 1 [ RunTime:0.001000s ]
---------------------------------------------------------------
[ 2018-02-08T15:41:48+08:00 ] 127.0.0.1 GET /admin/main/index
[ info ] www.tplay.im/admin/main/index [运行时间：0.131008s][吞吐率：7.63req/s] [内存消耗：2,709.01kb] [文件加载：55]
[ info ] [ LANG ] E:\phpStudy\WWW\tplay\simport\thinkphp\lang\zh-cn.php
[ info ] [ DB ] INIT mysql
[ info ] [ ROUTE ] array (
  'type' => 'module',
  'module' => 
  array (
    0 => 'admin',
    1 => 'main',
    2 => 'index',
  ),
)
[ info ] [ HEADER ] array (
  'host' => 'www.tplay.im',
  'connection' => 'keep-alive',
  'upgrade-insecure-requests' => '1',
  'user-agent' => 'Mozilla/5.0 (Windows NT 6.1; Win64; x64) AppleWebKit/537.36 (KHTML, like Gecko) Chrome/63.0.3239.108 Safari/537.36',
  'accept' => 'text/html,application/xhtml+xml,application/xml;q=0.9,image/webp,image/apng,*/*;q=0.8',
  'referer' => 'http://www.tplay.im/admin/index/index.shtml',
  'accept-encoding' => 'gzip, deflate',
  'accept-language' => 'zh-CN,zh;q=0.9',
  'cookie' => 'PHPSESSID=po7kblg51fc49ech5hkjf5pih0',
)
[ info ] [ PARAM ] array (
)
[ info ] [ SESSION ] INIT array (
  'id' => '',
  'var_session_id' => '',
  'prefix' => 'think',
  'type' => '',
  'auto_start' => true,
)
[ info ] [ RUN ] app\admin\controller\Main->index[ E:\phpStudy\WWW\tplay\app\admin\controller\Main.php ]
[ info ] [ VIEW ] E:\phpStudy\WWW\tplay\public/../app/admin\view\main\index.html [ array (
  0 => 'info',
  1 => 'web',
) ]
[ info ] [ LOG ] INIT File
[ sql ] [ DB ] CONNECT:[ UseTime:0.001000s ] mysql:host=127.0.0.1;port=3306;dbname=tplay;charset=utf8
[ sql ] [ SQL ] SHOW COLUMNS FROM `tplay_urlconfig` [ RunTime:0.008001s ]
[ sql ] [ SQL ] SELECT `aliases`,`url` FROM `tplay_urlconfig` WHERE  `status` = 1 [ RunTime:0.000000s ]
[ sql ] [ SQL ] SHOW COLUMNS FROM `tplay_webconfig` [ RunTime:0.008001s ]
[ sql ] [ SQL ] SELECT `black_ip` FROM `tplay_webconfig` WHERE  `web` = 'web' LIMIT 1 [ RunTime:0.000000s ]
[ sql ] [ SQL ] SHOW COLUMNS FROM `tplay_admin_cate` [ RunTime:0.007000s ]
[ sql ] [ SQL ] SELECT `permissions` FROM `tplay_admin_cate` WHERE  `id` = 1 LIMIT 1 [ RunTime:0.001000s ]
[ sql ] [ SQL ] SHOW COLUMNS FROM `tplay_admin_menu` [ RunTime:0.007001s ]
[ sql ] [ SQL ] SELECT * FROM `tplay_admin_menu` WHERE  `module` = 'admin'  AND `controller` = 'Main'  AND `function` = 'index'  AND `type` = 1  AND `parameter` = 'main=' LIMIT 1 [ RunTime:0.000000s ]
[ sql ] [ SQL ] SELECT * FROM `tplay_admin_menu` WHERE  `module` = 'admin'  AND `controller` = 'Main'  AND `function` = 'index'  AND `type` = 1 LIMIT 1 [ RunTime:0.000000s ]
[ sql ] [ SQL ] SHOW COLUMNS FROM `tplay_admin` [ RunTime:0.007000s ]
[ sql ] [ SQL ] SELECT COUNT(*) AS tp_count FROM `tplay_admin` LIMIT 1 [ RunTime:0.000000s ]
[ sql ] [ SQL ] SELECT COUNT(*) AS tp_count FROM `tplay_admin_cate` LIMIT 1 [ RunTime:0.000000s ]
[ sql ] [ SQL ] SELECT `black_ip` FROM `tplay_webconfig` LIMIT 1 [ RunTime:0.000000s ]
[ sql ] [ SQL ] SHOW COLUMNS FROM `tplay_article` [ RunTime:0.008001s ]
[ sql ] [ SQL ] SELECT COUNT(*) AS tp_count FROM `tplay_article` LIMIT 1 [ RunTime:0.001000s ]
[ sql ] [ SQL ] SELECT COUNT(*) AS tp_count FROM `tplay_article` WHERE  `status` = 0 LIMIT 1 [ RunTime:0.000000s ]
[ sql ] [ SQL ] SELECT COUNT(*) AS tp_count FROM `tplay_article` WHERE  `is_top` = 1 LIMIT 1 [ RunTime:0.001000s ]
[ sql ] [ SQL ] SHOW COLUMNS FROM `tplay_attachment` [ RunTime:0.007000s ]
[ sql ] [ SQL ] SELECT COUNT(*) AS tp_count FROM `tplay_attachment` LIMIT 1 [ RunTime:0.000000s ]
[ sql ] [ SQL ] SELECT COUNT(*) AS tp_count FROM `tplay_attachment` WHERE  `status` = 0 LIMIT 1 [ RunTime:0.000000s ]
[ sql ] [ SQL ] SELECT COUNT(*) AS tp_count FROM `tplay_attachment` WHERE  `status` = -1 LIMIT 1 [ RunTime:0.001000s ]
[ sql ] [ SQL ] SHOW COLUMNS FROM `tplay_messages` [ RunTime:0.007001s ]
[ sql ] [ SQL ] SELECT COUNT(*) AS tp_count FROM `tplay_messages` LIMIT 1 [ RunTime:0.001000s ]
[ sql ] [ SQL ] SELECT COUNT(*) AS tp_count FROM `tplay_messages` WHERE  `is_look` = 0 LIMIT 1 [ RunTime:0.000000s ]
[ sql ] [ SQL ] SHOW COLUMNS FROM `tplay_admin_log` [ RunTime:0.008000s ]
[ sql ] [ SQL ] SELECT COUNT(*) AS tp_count FROM `tplay_admin_log` WHERE  `admin_menu_id` = 50  AND ( `create_time` >= 1517241600 AND `create_time` <= 1517328000 ) LIMIT 1 [ RunTime:0.000000s ]
[ sql ] [ SQL ] SELECT COUNT(*) AS tp_count FROM `tplay_admin_log` WHERE  `admin_menu_id` = 50  AND ( `create_time` >= 1517328000 AND `create_time` <= 1517414400 ) LIMIT 1 [ RunTime:0.000000s ]
[ sql ] [ SQL ] SELECT COUNT(*) AS tp_count FROM `tplay_admin_log` WHERE  `admin_menu_id` = 50  AND ( `create_time` >= 1517414400 AND `create_time` <= 1517500800 ) LIMIT 1 [ RunTime:0.001000s ]
[ sql ] [ SQL ] SELECT COUNT(*) AS tp_count FROM `tplay_admin_log` WHERE  `admin_menu_id` = 50  AND ( `create_time` >= 1517500800 AND `create_time` <= 1517587200 ) LIMIT 1 [ RunTime:0.001000s ]
[ sql ] [ SQL ] SELECT COUNT(*) AS tp_count FROM `tplay_admin_log` WHERE  `admin_menu_id` = 50  AND ( `create_time` >= 1517587200 AND `create_time` <= 1517673600 ) LIMIT 1 [ RunTime:0.000000s ]
[ sql ] [ SQL ] SELECT COUNT(*) AS tp_count FROM `tplay_admin_log` WHERE  `admin_menu_id` = 50  AND ( `create_time` >= 1517673600 AND `create_time` <= 1517760000 ) LIMIT 1 [ RunTime:0.000000s ]
[ sql ] [ SQL ] SELECT COUNT(*) AS tp_count FROM `tplay_admin_log` WHERE  `admin_menu_id` = 50  AND ( `create_time` >= 1517760000 AND `create_time` <= 1517846400 ) LIMIT 1 [ RunTime:0.001000s ]
[ sql ] [ SQL ] SELECT COUNT(*) AS tp_count FROM `tplay_admin_log` WHERE  `admin_menu_id` = 50  AND ( `create_time` >= 1517846400 AND `create_time` <= 1517932800 ) LIMIT 1 [ RunTime:0.000000s ]
[ sql ] [ SQL ] SELECT COUNT(*) AS tp_count FROM `tplay_admin_log` WHERE  `admin_menu_id` = 50  AND ( `create_time` >= 1517932800 AND `create_time` <= 1518019200 ) LIMIT 1 [ RunTime:0.000000s ]
[ sql ] [ SQL ] SELECT COUNT(*) AS tp_count FROM `tplay_admin_log` WHERE  `admin_menu_id` = 50  AND ( `create_time` >= 1518019200 AND `create_time` <= 1518105600 ) LIMIT 1 [ RunTime:0.000000s ]
---------------------------------------------------------------
[ 2018-02-08T15:41:48+08:00 ] 127.0.0.1 GET /static/admin/css/layer.css
[ info ] www.tplay.im/static/admin/css/layer.css [运行时间：0.052003s][吞吐率：19.23req/s] [内存消耗：2,223.71kb] [文件加载：46]
[ info ] [ LANG ] E:\phpStudy\WWW\tplay\simport\thinkphp\lang\zh-cn.php
[ info ] [ DB ] INIT mysql
[ info ] [ ROUTE ] array (
  'type' => 'module',
  'module' => 
  array (
    0 => 'static',
    1 => 'admin',
    2 => 'css',
  ),
)
[ info ] [ HEADER ] array (
  'host' => 'www.tplay.im',
  'connection' => 'keep-alive',
  'user-agent' => 'Mozilla/5.0 (Windows NT 6.1; Win64; x64) AppleWebKit/537.36 (KHTML, like Gecko) Chrome/63.0.3239.108 Safari/537.36',
  'accept' => 'text/css,*/*;q=0.1',
  'referer' => 'http://www.tplay.im/admin/main/index',
  'accept-encoding' => 'gzip, deflate',
  'accept-language' => 'zh-CN,zh;q=0.9',
  'cookie' => 'PHPSESSID=po7kblg51fc49ech5hkjf5pih0',
)
[ info ] [ PARAM ] array (
)
[ info ] [ LOG ] INIT File
[ sql ] [ DB ] CONNECT:[ UseTime:0.011001s ] mysql:host=127.0.0.1;port=3306;dbname=tplay;charset=utf8
[ sql ] [ SQL ] SHOW COLUMNS FROM `tplay_urlconfig` [ RunTime:0.007000s ]
[ sql ] [ SQL ] SELECT `aliases`,`url` FROM `tplay_urlconfig` WHERE  `status` = 1 [ RunTime:0.001000s ]
---------------------------------------------------------------
[ 2018-02-08T15:54:56+08:00 ] 127.0.0.1 GET /admin/menu/index.shtml
[ info ] www.tplay.im/admin/menu/index.shtml [运行时间：0.163009s][吞吐率：6.13req/s] [内存消耗：3,286.85kb] [文件加载：57]
[ info ] [ LANG ] E:\phpStudy\WWW\tplay\simport\thinkphp\lang\zh-cn.php
[ info ] [ DB ] INIT mysql
[ info ] [ ROUTE ] array (
  'type' => 'module',
  'module' => 
  array (
    0 => 'admin',
    1 => 'menu',
    2 => 'index',
  ),
)
[ info ] [ HEADER ] array (
  'host' => 'www.tplay.im',
  'connection' => 'keep-alive',
  'upgrade-insecure-requests' => '1',
  'user-agent' => 'Mozilla/5.0 (Windows NT 6.1; Win64; x64) AppleWebKit/537.36 (KHTML, like Gecko) Chrome/63.0.3239.108 Safari/537.36',
  'accept' => 'text/html,application/xhtml+xml,application/xml;q=0.9,image/webp,image/apng,*/*;q=0.8',
  'referer' => 'http://www.tplay.im/admin/index/index.shtml',
  'accept-encoding' => 'gzip, deflate',
  'accept-language' => 'zh-CN,zh;q=0.9',
  'cookie' => 'PHPSESSID=po7kblg51fc49ech5hkjf5pih0',
)
[ info ] [ PARAM ] array (
)
[ info ] [ SESSION ] INIT array (
  'id' => '',
  'var_session_id' => '',
  'prefix' => 'think',
  'type' => '',
  'auto_start' => true,
)
[ info ] [ RUN ] app\admin\controller\Menu->index[ E:\phpStudy\WWW\tplay\app\admin\controller\Menu.php ]
[ info ] [ VIEW ] E:\phpStudy\WWW\tplay\public/../app/admin\view\menu\index.html [ array (
  0 => 'menus',
) ]
[ info ] [ LOG ] INIT File
[ sql ] [ DB ] CONNECT:[ UseTime:0.001000s ] mysql:host=127.0.0.1;port=3306;dbname=tplay;charset=utf8
[ sql ] [ SQL ] SHOW COLUMNS FROM `tplay_urlconfig` [ RunTime:0.008001s ]
[ sql ] [ SQL ] SELECT `aliases`,`url` FROM `tplay_urlconfig` WHERE  `status` = 1 [ RunTime:0.000000s ]
[ sql ] [ SQL ] SHOW COLUMNS FROM `tplay_webconfig` [ RunTime:0.008001s ]
[ sql ] [ SQL ] SELECT `black_ip` FROM `tplay_webconfig` WHERE  `web` = 'web' LIMIT 1 [ RunTime:0.001000s ]
[ sql ] [ SQL ] SHOW COLUMNS FROM `tplay_admin_cate` [ RunTime:0.008000s ]
[ sql ] [ SQL ] SELECT `permissions` FROM `tplay_admin_cate` WHERE  `id` = 1 LIMIT 1 [ RunTime:0.001000s ]
[ sql ] [ SQL ] SHOW COLUMNS FROM `tplay_admin_menu` [ RunTime:0.009001s ]
[ sql ] [ SQL ] SELECT * FROM `tplay_admin_menu` WHERE  `module` = 'admin'  AND `controller` = 'Menu'  AND `function` = 'index'  AND `type` = 1  AND `parameter` = 'menu=' LIMIT 1 [ RunTime:0.001000s ]
[ sql ] [ SQL ] SELECT * FROM `tplay_admin_menu` WHERE  `module` = 'admin'  AND `controller` = 'Menu'  AND `function` = 'index'  AND `type` = 1 LIMIT 1 [ RunTime:0.000000s ]
[ sql ] [ SQL ] SELECT * FROM `tplay_admin_menu` ORDER BY orders asc [ RunTime:0.001000s ]
---------------------------------------------------------------
[ 2018-02-08T15:54:58+08:00 ] 127.0.0.1 GET /admin/menu/index.shtml
[ info ] www.tplay.im/admin/menu/index.shtml [运行时间：0.107006s][吞吐率：9.35req/s] [内存消耗：3,286.95kb] [文件加载：57]
[ info ] [ LANG ] E:\phpStudy\WWW\tplay\simport\thinkphp\lang\zh-cn.php
[ info ] [ DB ] INIT mysql
[ info ] [ ROUTE ] array (
  'type' => 'module',
  'module' => 
  array (
    0 => 'admin',
    1 => 'menu',
    2 => 'index',
  ),
)
[ info ] [ HEADER ] array (
  'host' => 'www.tplay.im',
  'connection' => 'keep-alive',
  'upgrade-insecure-requests' => '1',
  'user-agent' => 'Mozilla/5.0 (Windows NT 6.1; Win64; x64) AppleWebKit/537.36 (KHTML, like Gecko) Chrome/63.0.3239.108 Safari/537.36',
  'accept' => 'text/html,application/xhtml+xml,application/xml;q=0.9,image/webp,image/apng,*/*;q=0.8',
  'referer' => 'http://www.tplay.im/admin/index/index.shtml',
  'accept-encoding' => 'gzip, deflate',
  'accept-language' => 'zh-CN,zh;q=0.9',
  'cookie' => 'PHPSESSID=po7kblg51fc49ech5hkjf5pih0',
)
[ info ] [ PARAM ] array (
)
[ info ] [ SESSION ] INIT array (
  'id' => '',
  'var_session_id' => '',
  'prefix' => 'think',
  'type' => '',
  'auto_start' => true,
)
[ info ] [ RUN ] app\admin\controller\Menu->index[ E:\phpStudy\WWW\tplay\app\admin\controller\Menu.php ]
[ info ] [ VIEW ] E:\phpStudy\WWW\tplay\public/../app/admin\view\menu\index.html [ array (
  0 => 'menus',
) ]
[ info ] [ LOG ] INIT File
[ sql ] [ DB ] CONNECT:[ UseTime:0.010001s ] mysql:host=127.0.0.1;port=3306;dbname=tplay;charset=utf8
[ sql ] [ SQL ] SHOW COLUMNS FROM `tplay_urlconfig` [ RunTime:0.006000s ]
[ sql ] [ SQL ] SELECT `aliases`,`url` FROM `tplay_urlconfig` WHERE  `status` = 1 [ RunTime:0.000000s ]
[ sql ] [ SQL ] SHOW COLUMNS FROM `tplay_webconfig` [ RunTime:0.007000s ]
[ sql ] [ SQL ] SELECT `black_ip` FROM `tplay_webconfig` WHERE  `web` = 'web' LIMIT 1 [ RunTime:0.000000s ]
[ sql ] [ SQL ] SHOW COLUMNS FROM `tplay_admin_cate` [ RunTime:0.007001s ]
[ sql ] [ SQL ] SELECT `permissions` FROM `tplay_admin_cate` WHERE  `id` = 1 LIMIT 1 [ RunTime:0.001000s ]
[ sql ] [ SQL ] SHOW COLUMNS FROM `tplay_admin_menu` [ RunTime:0.007000s ]
[ sql ] [ SQL ] SELECT * FROM `tplay_admin_menu` WHERE  `module` = 'admin'  AND `controller` = 'Menu'  AND `function` = 'index'  AND `type` = 1  AND `parameter` = 'menu=' LIMIT 1 [ RunTime:0.000000s ]
[ sql ] [ SQL ] SELECT * FROM `tplay_admin_menu` WHERE  `module` = 'admin'  AND `controller` = 'Menu'  AND `function` = 'index'  AND `type` = 1 LIMIT 1 [ RunTime:0.000000s ]
[ sql ] [ SQL ] SELECT * FROM `tplay_admin_menu` ORDER BY orders asc [ RunTime:0.002001s ]
---------------------------------------------------------------
[ 2018-02-08T15:55:01+08:00 ] 127.0.0.1 GET /admin/admin/personal.shtml
[ info ] www.tplay.im/admin/admin/personal.shtml [运行时间：0.124007s][吞吐率：8.06req/s] [内存消耗：3,029.61kb] [文件加载：57]
[ info ] [ LANG ] E:\phpStudy\WWW\tplay\simport\thinkphp\lang\zh-cn.php
[ info ] [ DB ] INIT mysql
[ info ] [ ROUTE ] array (
  'type' => 'module',
  'module' => 
  array (
    0 => 'admin',
    1 => 'admin',
    2 => 'personal',
  ),
)
[ info ] [ HEADER ] array (
  'host' => 'www.tplay.im',
  'connection' => 'keep-alive',
  'upgrade-insecure-requests' => '1',
  'user-agent' => 'Mozilla/5.0 (Windows NT 6.1; Win64; x64) AppleWebKit/537.36 (KHTML, like Gecko) Chrome/63.0.3239.108 Safari/537.36',
  'accept' => 'text/html,application/xhtml+xml,application/xml;q=0.9,image/webp,image/apng,*/*;q=0.8',
  'referer' => 'http://www.tplay.im/admin/index/index.shtml',
  'accept-encoding' => 'gzip, deflate',
  'accept-language' => 'zh-CN,zh;q=0.9',
  'cookie' => 'PHPSESSID=po7kblg51fc49ech5hkjf5pih0',
)
[ info ] [ PARAM ] array (
)
[ info ] [ SESSION ] INIT array (
  'id' => '',
  'var_session_id' => '',
  'prefix' => 'think',
  'type' => '',
  'auto_start' => true,
)
[ info ] [ RUN ] app\admin\controller\Admin->personal[ E:\phpStudy\WWW\tplay\app\admin\controller\Admin.php ]
[ info ] [ VIEW ] E:\phpStudy\WWW\tplay\public/../app/admin\view\admin\personal.html [ array (
  0 => 'info',
) ]
[ info ] [ LOG ] INIT File
[ sql ] [ DB ] CONNECT:[ UseTime:0.001000s ] mysql:host=127.0.0.1;port=3306;dbname=tplay;charset=utf8
[ sql ] [ SQL ] SHOW COLUMNS FROM `tplay_urlconfig` [ RunTime:0.006000s ]
[ sql ] [ SQL ] SELECT `aliases`,`url` FROM `tplay_urlconfig` WHERE  `status` = 1 [ RunTime:0.000000s ]
[ sql ] [ SQL ] SHOW COLUMNS FROM `tplay_webconfig` [ RunTime:0.007000s ]
[ sql ] [ SQL ] SELECT `black_ip` FROM `tplay_webconfig` WHERE  `web` = 'web' LIMIT 1 [ RunTime:0.001000s ]
[ sql ] [ SQL ] SHOW COLUMNS FROM `tplay_admin_cate` [ RunTime:0.007001s ]
[ sql ] [ SQL ] SELECT `permissions` FROM `tplay_admin_cate` WHERE  `id` = 1 LIMIT 1 [ RunTime:0.000000s ]
[ sql ] [ SQL ] SHOW COLUMNS FROM `tplay_admin_menu` [ RunTime:0.007000s ]
[ sql ] [ SQL ] SELECT * FROM `tplay_admin_menu` WHERE  `module` = 'admin'  AND `controller` = 'Admin'  AND `function` = 'personal'  AND `type` = 1 LIMIT 1 [ RunTime:0.001000s ]
[ sql ] [ SQL ] SHOW COLUMNS FROM `tplay_admin` [ RunTime:0.010001s ]
[ sql ] [ SQL ] SELECT * FROM `tplay_admin` WHERE  `id` = 1 LIMIT 1 [ RunTime:0.001000s ]
[ sql ] [ SQL ] SHOW COLUMNS FROM `tplay_attachment` [ RunTime:0.008001s ]
[ sql ] [ SQL ] SELECT * FROM `tplay_attachment` WHERE  `id` = 1 LIMIT 1 [ RunTime:0.000000s ]
---------------------------------------------------------------
[ 2018-02-08T15:55:02+08:00 ] 127.0.0.1 GET /admin/admin/editpassword.shtml
[ info ] www.tplay.im/admin/admin/editpassword.shtml [运行时间：0.096006s][吞吐率：10.42req/s] [内存消耗：2,689.43kb] [文件加载：55]
[ info ] [ LANG ] E:\phpStudy\WWW\tplay\simport\thinkphp\lang\zh-cn.php
[ info ] [ DB ] INIT mysql
[ info ] [ ROUTE ] array (
  'type' => 'module',
  'module' => 
  array (
    0 => 'admin',
    1 => 'admin',
    2 => 'editpassword',
  ),
)
[ info ] [ HEADER ] array (
  'host' => 'www.tplay.im',
  'connection' => 'keep-alive',
  'upgrade-insecure-requests' => '1',
  'user-agent' => 'Mozilla/5.0 (Windows NT 6.1; Win64; x64) AppleWebKit/537.36 (KHTML, like Gecko) Chrome/63.0.3239.108 Safari/537.36',
  'accept' => 'text/html,application/xhtml+xml,application/xml;q=0.9,image/webp,image/apng,*/*;q=0.8',
  'referer' => 'http://www.tplay.im/admin/index/index.shtml',
  'accept-encoding' => 'gzip, deflate',
  'accept-language' => 'zh-CN,zh;q=0.9',
  'cookie' => 'PHPSESSID=po7kblg51fc49ech5hkjf5pih0',
)
[ info ] [ PARAM ] array (
)
[ info ] [ SESSION ] INIT array (
  'id' => '',
  'var_session_id' => '',
  'prefix' => 'think',
  'type' => '',
  'auto_start' => true,
)
[ info ] [ RUN ] app\admin\controller\Admin->editPassword[ E:\phpStudy\WWW\tplay\app\admin\controller\Admin.php ]
[ info ] [ VIEW ] E:\phpStudy\WWW\tplay\public/../app/admin\view\admin\editpassword.html [ array (
  0 => 'id',
) ]
[ info ] [ LOG ] INIT File
[ sql ] [ DB ] CONNECT:[ UseTime:0.001000s ] mysql:host=127.0.0.1;port=3306;dbname=tplay;charset=utf8
[ sql ] [ SQL ] SHOW COLUMNS FROM `tplay_urlconfig` [ RunTime:0.008000s ]
[ sql ] [ SQL ] SELECT `aliases`,`url` FROM `tplay_urlconfig` WHERE  `status` = 1 [ RunTime:0.000000s ]
[ sql ] [ SQL ] SHOW COLUMNS FROM `tplay_webconfig` [ RunTime:0.007000s ]
[ sql ] [ SQL ] SELECT `black_ip` FROM `tplay_webconfig` WHERE  `web` = 'web' LIMIT 1 [ RunTime:0.001000s ]
[ sql ] [ SQL ] SHOW COLUMNS FROM `tplay_admin_cate` [ RunTime:0.007001s ]
[ sql ] [ SQL ] SELECT `permissions` FROM `tplay_admin_cate` WHERE  `id` = 1 LIMIT 1 [ RunTime:0.000000s ]
[ sql ] [ SQL ] SHOW COLUMNS FROM `tplay_admin_menu` [ RunTime:0.008000s ]
[ sql ] [ SQL ] SELECT * FROM `tplay_admin_menu` WHERE  `module` = 'admin'  AND `controller` = 'Admin'  AND `function` = 'editpassword'  AND `type` = 1 LIMIT 1 [ RunTime:0.001000s ]
---------------------------------------------------------------
[ 2018-02-08T15:55:04+08:00 ] 127.0.0.1 GET /admin/menu/index.shtml
[ info ] www.tplay.im/admin/menu/index.shtml [运行时间：0.152009s][吞吐率：6.58req/s] [内存消耗：3,286.95kb] [文件加载：57]
[ info ] [ LANG ] E:\phpStudy\WWW\tplay\simport\thinkphp\lang\zh-cn.php
[ info ] [ DB ] INIT mysql
[ info ] [ ROUTE ] array (
  'type' => 'module',
  'module' => 
  array (
    0 => 'admin',
    1 => 'menu',
    2 => 'index',
  ),
)
[ info ] [ HEADER ] array (
  'host' => 'www.tplay.im',
  'connection' => 'keep-alive',
  'upgrade-insecure-requests' => '1',
  'user-agent' => 'Mozilla/5.0 (Windows NT 6.1; Win64; x64) AppleWebKit/537.36 (KHTML, like Gecko) Chrome/63.0.3239.108 Safari/537.36',
  'accept' => 'text/html,application/xhtml+xml,application/xml;q=0.9,image/webp,image/apng,*/*;q=0.8',
  'referer' => 'http://www.tplay.im/admin/index/index.shtml',
  'accept-encoding' => 'gzip, deflate',
  'accept-language' => 'zh-CN,zh;q=0.9',
  'cookie' => 'PHPSESSID=po7kblg51fc49ech5hkjf5pih0',
)
[ info ] [ PARAM ] array (
)
[ info ] [ SESSION ] INIT array (
  'id' => '',
  'var_session_id' => '',
  'prefix' => 'think',
  'type' => '',
  'auto_start' => true,
)
[ info ] [ RUN ] app\admin\controller\Menu->index[ E:\phpStudy\WWW\tplay\app\admin\controller\Menu.php ]
[ info ] [ VIEW ] E:\phpStudy\WWW\tplay\public/../app/admin\view\menu\index.html [ array (
  0 => 'menus',
) ]
[ info ] [ LOG ] INIT File
[ sql ] [ DB ] CONNECT:[ UseTime:0.011001s ] mysql:host=127.0.0.1;port=3306;dbname=tplay;charset=utf8
[ sql ] [ SQL ] SHOW COLUMNS FROM `tplay_urlconfig` [ RunTime:0.007000s ]
[ sql ] [ SQL ] SELECT `aliases`,`url` FROM `tplay_urlconfig` WHERE  `status` = 1 [ RunTime:0.001001s ]
[ sql ] [ SQL ] SHOW COLUMNS FROM `tplay_webconfig` [ RunTime:0.008000s ]
[ sql ] [ SQL ] SELECT `black_ip` FROM `tplay_webconfig` WHERE  `web` = 'web' LIMIT 1 [ RunTime:0.000000s ]
[ sql ] [ SQL ] SHOW COLUMNS FROM `tplay_admin_cate` [ RunTime:0.007000s ]
[ sql ] [ SQL ] SELECT `permissions` FROM `tplay_admin_cate` WHERE  `id` = 1 LIMIT 1 [ RunTime:0.000000s ]
[ sql ] [ SQL ] SHOW COLUMNS FROM `tplay_admin_menu` [ RunTime:0.009001s ]
[ sql ] [ SQL ] SELECT * FROM `tplay_admin_menu` WHERE  `module` = 'admin'  AND `controller` = 'Menu'  AND `function` = 'index'  AND `type` = 1  AND `parameter` = 'menu=' LIMIT 1 [ RunTime:0.001000s ]
[ sql ] [ SQL ] SELECT * FROM `tplay_admin_menu` WHERE  `module` = 'admin'  AND `controller` = 'Menu'  AND `function` = 'index'  AND `type` = 1 LIMIT 1 [ RunTime:0.001000s ]
[ sql ] [ SQL ] SELECT * FROM `tplay_admin_menu` ORDER BY orders asc [ RunTime:0.002000s ]
---------------------------------------------------------------
[ 2018-02-08T15:55:06+08:00 ] 127.0.0.1 GET /admin/admin/personal.shtml
[ info ] www.tplay.im/admin/admin/personal.shtml [运行时间：0.100006s][吞吐率：10.00req/s] [内存消耗：3,029.61kb] [文件加载：57]
[ info ] [ LANG ] E:\phpStudy\WWW\tplay\simport\thinkphp\lang\zh-cn.php
[ info ] [ DB ] INIT mysql
[ info ] [ ROUTE ] array (
  'type' => 'module',
  'module' => 
  array (
    0 => 'admin',
    1 => 'admin',
    2 => 'personal',
  ),
)
[ info ] [ HEADER ] array (
  'host' => 'www.tplay.im',
  'connection' => 'keep-alive',
  'upgrade-insecure-requests' => '1',
  'user-agent' => 'Mozilla/5.0 (Windows NT 6.1; Win64; x64) AppleWebKit/537.36 (KHTML, like Gecko) Chrome/63.0.3239.108 Safari/537.36',
  'accept' => 'text/html,application/xhtml+xml,application/xml;q=0.9,image/webp,image/apng,*/*;q=0.8',
  'referer' => 'http://www.tplay.im/admin/index/index.shtml',
  'accept-encoding' => 'gzip, deflate',
  'accept-language' => 'zh-CN,zh;q=0.9',
  'cookie' => 'PHPSESSID=po7kblg51fc49ech5hkjf5pih0',
)
[ info ] [ PARAM ] array (
)
[ info ] [ SESSION ] INIT array (
  'id' => '',
  'var_session_id' => '',
  'prefix' => 'think',
  'type' => '',
  'auto_start' => true,
)
[ info ] [ RUN ] app\admin\controller\Admin->personal[ E:\phpStudy\WWW\tplay\app\admin\controller\Admin.php ]
[ info ] [ VIEW ] E:\phpStudy\WWW\tplay\public/../app/admin\view\admin\personal.html [ array (
  0 => 'info',
) ]
[ info ] [ LOG ] INIT File
[ sql ] [ DB ] CONNECT:[ UseTime:0.001000s ] mysql:host=127.0.0.1;port=3306;dbname=tplay;charset=utf8
[ sql ] [ SQL ] SHOW COLUMNS FROM `tplay_urlconfig` [ RunTime:0.007001s ]
[ sql ] [ SQL ] SELECT `aliases`,`url` FROM `tplay_urlconfig` WHERE  `status` = 1 [ RunTime:0.000000s ]
[ sql ] [ SQL ] SHOW COLUMNS FROM `tplay_webconfig` [ RunTime:0.007000s ]
[ sql ] [ SQL ] SELECT `black_ip` FROM `tplay_webconfig` WHERE  `web` = 'web' LIMIT 1 [ RunTime:0.001000s ]
[ sql ] [ SQL ] SHOW COLUMNS FROM `tplay_admin_cate` [ RunTime:0.008000s ]
[ sql ] [ SQL ] SELECT `permissions` FROM `tplay_admin_cate` WHERE  `id` = 1 LIMIT 1 [ RunTime:0.001000s ]
[ sql ] [ SQL ] SHOW COLUMNS FROM `tplay_admin_menu` [ RunTime:0.007000s ]
[ sql ] [ SQL ] SELECT * FROM `tplay_admin_menu` WHERE  `module` = 'admin'  AND `controller` = 'Admin'  AND `function` = 'personal'  AND `type` = 1 LIMIT 1 [ RunTime:0.001000s ]
[ sql ] [ SQL ] SHOW COLUMNS FROM `tplay_admin` [ RunTime:0.008000s ]
[ sql ] [ SQL ] SELECT * FROM `tplay_admin` WHERE  `id` = 1 LIMIT 1 [ RunTime:0.000000s ]
[ sql ] [ SQL ] SHOW COLUMNS FROM `tplay_attachment` [ RunTime:0.008001s ]
[ sql ] [ SQL ] SELECT * FROM `tplay_attachment` WHERE  `id` = 1 LIMIT 1 [ RunTime:0.000000s ]
---------------------------------------------------------------
[ 2018-02-08T15:55:07+08:00 ] 127.0.0.1 GET /admin/admin/editpassword.shtml
[ info ] www.tplay.im/admin/admin/editpassword.shtml [运行时间：0.084004s][吞吐率：11.90req/s] [内存消耗：2,689.43kb] [文件加载：55]
[ info ] [ LANG ] E:\phpStudy\WWW\tplay\simport\thinkphp\lang\zh-cn.php
[ info ] [ DB ] INIT mysql
[ info ] [ ROUTE ] array (
  'type' => 'module',
  'module' => 
  array (
    0 => 'admin',
    1 => 'admin',
    2 => 'editpassword',
  ),
)
[ info ] [ HEADER ] array (
  'host' => 'www.tplay.im',
  'connection' => 'keep-alive',
  'upgrade-insecure-requests' => '1',
  'user-agent' => 'Mozilla/5.0 (Windows NT 6.1; Win64; x64) AppleWebKit/537.36 (KHTML, like Gecko) Chrome/63.0.3239.108 Safari/537.36',
  'accept' => 'text/html,application/xhtml+xml,application/xml;q=0.9,image/webp,image/apng,*/*;q=0.8',
  'referer' => 'http://www.tplay.im/admin/index/index.shtml',
  'accept-encoding' => 'gzip, deflate',
  'accept-language' => 'zh-CN,zh;q=0.9',
  'cookie' => 'PHPSESSID=po7kblg51fc49ech5hkjf5pih0',
)
[ info ] [ PARAM ] array (
)
[ info ] [ SESSION ] INIT array (
  'id' => '',
  'var_session_id' => '',
  'prefix' => 'think',
  'type' => '',
  'auto_start' => true,
)
[ info ] [ RUN ] app\admin\controller\Admin->editPassword[ E:\phpStudy\WWW\tplay\app\admin\controller\Admin.php ]
[ info ] [ VIEW ] E:\phpStudy\WWW\tplay\public/../app/admin\view\admin\editpassword.html [ array (
  0 => 'id',
) ]
[ info ] [ LOG ] INIT File
[ sql ] [ DB ] CONNECT:[ UseTime:0.010001s ] mysql:host=127.0.0.1;port=3306;dbname=tplay;charset=utf8
[ sql ] [ SQL ] SHOW COLUMNS FROM `tplay_urlconfig` [ RunTime:0.007000s ]
[ sql ] [ SQL ] SELECT `aliases`,`url` FROM `tplay_urlconfig` WHERE  `status` = 1 [ RunTime:0.001000s ]
[ sql ] [ SQL ] SHOW COLUMNS FROM `tplay_webconfig` [ RunTime:0.006000s ]
[ sql ] [ SQL ] SELECT `black_ip` FROM `tplay_webconfig` WHERE  `web` = 'web' LIMIT 1 [ RunTime:0.000000s ]
[ sql ] [ SQL ] SHOW COLUMNS FROM `tplay_admin_cate` [ RunTime:0.008001s ]
[ sql ] [ SQL ] SELECT `permissions` FROM `tplay_admin_cate` WHERE  `id` = 1 LIMIT 1 [ RunTime:0.001000s ]
[ sql ] [ SQL ] SHOW COLUMNS FROM `tplay_admin_menu` [ RunTime:0.007000s ]
[ sql ] [ SQL ] SELECT * FROM `tplay_admin_menu` WHERE  `module` = 'admin'  AND `controller` = 'Admin'  AND `function` = 'editpassword'  AND `type` = 1 LIMIT 1 [ RunTime:0.001000s ]
---------------------------------------------------------------
[ 2018-02-08T15:55:08+08:00 ] 127.0.0.1 GET /admin/menu/index.shtml
[ info ] www.tplay.im/admin/menu/index.shtml [运行时间：0.123007s][吞吐率：8.13req/s] [内存消耗：3,286.95kb] [文件加载：57]
[ info ] [ LANG ] E:\phpStudy\WWW\tplay\simport\thinkphp\lang\zh-cn.php
[ info ] [ DB ] INIT mysql
[ info ] [ ROUTE ] array (
  'type' => 'module',
  'module' => 
  array (
    0 => 'admin',
    1 => 'menu',
    2 => 'index',
  ),
)
[ info ] [ HEADER ] array (
  'host' => 'www.tplay.im',
  'connection' => 'keep-alive',
  'upgrade-insecure-requests' => '1',
  'user-agent' => 'Mozilla/5.0 (Windows NT 6.1; Win64; x64) AppleWebKit/537.36 (KHTML, like Gecko) Chrome/63.0.3239.108 Safari/537.36',
  'accept' => 'text/html,application/xhtml+xml,application/xml;q=0.9,image/webp,image/apng,*/*;q=0.8',
  'referer' => 'http://www.tplay.im/admin/index/index.shtml',
  'accept-encoding' => 'gzip, deflate',
  'accept-language' => 'zh-CN,zh;q=0.9',
  'cookie' => 'PHPSESSID=po7kblg51fc49ech5hkjf5pih0',
)
[ info ] [ PARAM ] array (
)
[ info ] [ SESSION ] INIT array (
  'id' => '',
  'var_session_id' => '',
  'prefix' => 'think',
  'type' => '',
  'auto_start' => true,
)
[ info ] [ RUN ] app\admin\controller\Menu->index[ E:\phpStudy\WWW\tplay\app\admin\controller\Menu.php ]
[ info ] [ VIEW ] E:\phpStudy\WWW\tplay\public/../app/admin\view\menu\index.html [ array (
  0 => 'menus',
) ]
[ info ] [ LOG ] INIT File
[ sql ] [ DB ] CONNECT:[ UseTime:0.001000s ] mysql:host=127.0.0.1;port=3306;dbname=tplay;charset=utf8
[ sql ] [ SQL ] SHOW COLUMNS FROM `tplay_urlconfig` [ RunTime:0.012001s ]
[ sql ] [ SQL ] SELECT `aliases`,`url` FROM `tplay_urlconfig` WHERE  `status` = 1 [ RunTime:0.002000s ]
[ sql ] [ SQL ] SHOW COLUMNS FROM `tplay_webconfig` [ RunTime:0.008001s ]
[ sql ] [ SQL ] SELECT `black_ip` FROM `tplay_webconfig` WHERE  `web` = 'web' LIMIT 1 [ RunTime:0.001000s ]
[ sql ] [ SQL ] SHOW COLUMNS FROM `tplay_admin_cate` [ RunTime:0.009001s ]
[ sql ] [ SQL ] SELECT `permissions` FROM `tplay_admin_cate` WHERE  `id` = 1 LIMIT 1 [ RunTime:0.000000s ]
[ sql ] [ SQL ] SHOW COLUMNS FROM `tplay_admin_menu` [ RunTime:0.007000s ]
[ sql ] [ SQL ] SELECT * FROM `tplay_admin_menu` WHERE  `module` = 'admin'  AND `controller` = 'Menu'  AND `function` = 'index'  AND `type` = 1  AND `parameter` = 'menu=' LIMIT 1 [ RunTime:0.001000s ]
[ sql ] [ SQL ] SELECT * FROM `tplay_admin_menu` WHERE  `module` = 'admin'  AND `controller` = 'Menu'  AND `function` = 'index'  AND `type` = 1 LIMIT 1 [ RunTime:0.002000s ]
[ sql ] [ SQL ] SELECT * FROM `tplay_admin_menu` ORDER BY orders asc [ RunTime:0.001001s ]
---------------------------------------------------------------
[ 2018-02-08T15:55:09+08:00 ] 127.0.0.1 GET /admin/admin/personal.shtml
[ info ] www.tplay.im/admin/admin/personal.shtml [运行时间：0.115007s][吞吐率：8.70req/s] [内存消耗：3,029.61kb] [文件加载：57]
[ info ] [ LANG ] E:\phpStudy\WWW\tplay\simport\thinkphp\lang\zh-cn.php
[ info ] [ DB ] INIT mysql
[ info ] [ ROUTE ] array (
  'type' => 'module',
  'module' => 
  array (
    0 => 'admin',
    1 => 'admin',
    2 => 'personal',
  ),
)
[ info ] [ HEADER ] array (
  'host' => 'www.tplay.im',
  'connection' => 'keep-alive',
  'upgrade-insecure-requests' => '1',
  'user-agent' => 'Mozilla/5.0 (Windows NT 6.1; Win64; x64) AppleWebKit/537.36 (KHTML, like Gecko) Chrome/63.0.3239.108 Safari/537.36',
  'accept' => 'text/html,application/xhtml+xml,application/xml;q=0.9,image/webp,image/apng,*/*;q=0.8',
  'referer' => 'http://www.tplay.im/admin/index/index.shtml',
  'accept-encoding' => 'gzip, deflate',
  'accept-language' => 'zh-CN,zh;q=0.9',
  'cookie' => 'PHPSESSID=po7kblg51fc49ech5hkjf5pih0',
)
[ info ] [ PARAM ] array (
)
[ info ] [ SESSION ] INIT array (
  'id' => '',
  'var_session_id' => '',
  'prefix' => 'think',
  'type' => '',
  'auto_start' => true,
)
[ info ] [ RUN ] app\admin\controller\Admin->personal[ E:\phpStudy\WWW\tplay\app\admin\controller\Admin.php ]
[ info ] [ VIEW ] E:\phpStudy\WWW\tplay\public/../app/admin\view\admin\personal.html [ array (
  0 => 'info',
) ]
[ info ] [ LOG ] INIT File
[ sql ] [ DB ] CONNECT:[ UseTime:0.000000s ] mysql:host=127.0.0.1;port=3306;dbname=tplay;charset=utf8
[ sql ] [ SQL ] SHOW COLUMNS FROM `tplay_urlconfig` [ RunTime:0.009000s ]
[ sql ] [ SQL ] SELECT `aliases`,`url` FROM `tplay_urlconfig` WHERE  `status` = 1 [ RunTime:0.001000s ]
[ sql ] [ SQL ] SHOW COLUMNS FROM `tplay_webconfig` [ RunTime:0.008000s ]
[ sql ] [ SQL ] SELECT `black_ip` FROM `tplay_webconfig` WHERE  `web` = 'web' LIMIT 1 [ RunTime:0.001000s ]
[ sql ] [ SQL ] SHOW COLUMNS FROM `tplay_admin_cate` [ RunTime:0.007001s ]
[ sql ] [ SQL ] SELECT `permissions` FROM `tplay_admin_cate` WHERE  `id` = 1 LIMIT 1 [ RunTime:0.001000s ]
[ sql ] [ SQL ] SHOW COLUMNS FROM `tplay_admin_menu` [ RunTime:0.008000s ]
[ sql ] [ SQL ] SELECT * FROM `tplay_admin_menu` WHERE  `module` = 'admin'  AND `controller` = 'Admin'  AND `function` = 'personal'  AND `type` = 1 LIMIT 1 [ RunTime:0.000000s ]
[ sql ] [ SQL ] SHOW COLUMNS FROM `tplay_admin` [ RunTime:0.010001s ]
[ sql ] [ SQL ] SELECT * FROM `tplay_admin` WHERE  `id` = 1 LIMIT 1 [ RunTime:0.001000s ]
[ sql ] [ SQL ] SHOW COLUMNS FROM `tplay_attachment` [ RunTime:0.009001s ]
[ sql ] [ SQL ] SELECT * FROM `tplay_attachment` WHERE  `id` = 1 LIMIT 1 [ RunTime:0.001000s ]
---------------------------------------------------------------
[ 2018-02-08T15:55:10+08:00 ] 127.0.0.1 GET /admin/admin/editpassword.shtml
[ info ] www.tplay.im/admin/admin/editpassword.shtml [运行时间：0.094005s][吞吐率：10.64req/s] [内存消耗：2,689.43kb] [文件加载：55]
[ info ] [ LANG ] E:\phpStudy\WWW\tplay\simport\thinkphp\lang\zh-cn.php
[ info ] [ DB ] INIT mysql
[ info ] [ ROUTE ] array (
  'type' => 'module',
  'module' => 
  array (
    0 => 'admin',
    1 => 'admin',
    2 => 'editpassword',
  ),
)
[ info ] [ HEADER ] array (
  'host' => 'www.tplay.im',
  'connection' => 'keep-alive',
  'upgrade-insecure-requests' => '1',
  'user-agent' => 'Mozilla/5.0 (Windows NT 6.1; Win64; x64) AppleWebKit/537.36 (KHTML, like Gecko) Chrome/63.0.3239.108 Safari/537.36',
  'accept' => 'text/html,application/xhtml+xml,application/xml;q=0.9,image/webp,image/apng,*/*;q=0.8',
  'referer' => 'http://www.tplay.im/admin/index/index.shtml',
  'accept-encoding' => 'gzip, deflate',
  'accept-language' => 'zh-CN,zh;q=0.9',
  'cookie' => 'PHPSESSID=po7kblg51fc49ech5hkjf5pih0',
)
[ info ] [ PARAM ] array (
)
[ info ] [ SESSION ] INIT array (
  'id' => '',
  'var_session_id' => '',
  'prefix' => 'think',
  'type' => '',
  'auto_start' => true,
)
[ info ] [ RUN ] app\admin\controller\Admin->editPassword[ E:\phpStudy\WWW\tplay\app\admin\controller\Admin.php ]
[ info ] [ VIEW ] E:\phpStudy\WWW\tplay\public/../app/admin\view\admin\editpassword.html [ array (
  0 => 'id',
) ]
[ info ] [ LOG ] INIT File
[ sql ] [ DB ] CONNECT:[ UseTime:0.011000s ] mysql:host=127.0.0.1;port=3306;dbname=tplay;charset=utf8
[ sql ] [ SQL ] SHOW COLUMNS FROM `tplay_urlconfig` [ RunTime:0.008000s ]
[ sql ] [ SQL ] SELECT `aliases`,`url` FROM `tplay_urlconfig` WHERE  `status` = 1 [ RunTime:0.000000s ]
[ sql ] [ SQL ] SHOW COLUMNS FROM `tplay_webconfig` [ RunTime:0.008001s ]
[ sql ] [ SQL ] SELECT `black_ip` FROM `tplay_webconfig` WHERE  `web` = 'web' LIMIT 1 [ RunTime:0.001000s ]
[ sql ] [ SQL ] SHOW COLUMNS FROM `tplay_admin_cate` [ RunTime:0.008000s ]
[ sql ] [ SQL ] SELECT `permissions` FROM `tplay_admin_cate` WHERE  `id` = 1 LIMIT 1 [ RunTime:0.000000s ]
[ sql ] [ SQL ] SHOW COLUMNS FROM `tplay_admin_menu` [ RunTime:0.008000s ]
[ sql ] [ SQL ] SELECT * FROM `tplay_admin_menu` WHERE  `module` = 'admin'  AND `controller` = 'Admin'  AND `function` = 'editpassword'  AND `type` = 1 LIMIT 1 [ RunTime:0.001000s ]
---------------------------------------------------------------
[ 2018-02-08T15:55:10+08:00 ] 127.0.0.1 GET /admin/menu/index.shtml
[ info ] www.tplay.im/admin/menu/index.shtml [运行时间：0.144008s][吞吐率：6.94req/s] [内存消耗：3,286.95kb] [文件加载：57]
[ info ] [ LANG ] E:\phpStudy\WWW\tplay\simport\thinkphp\lang\zh-cn.php
[ info ] [ DB ] INIT mysql
[ info ] [ ROUTE ] array (
  'type' => 'module',
  'module' => 
  array (
    0 => 'admin',
    1 => 'menu',
    2 => 'index',
  ),
)
[ info ] [ HEADER ] array (
  'host' => 'www.tplay.im',
  'connection' => 'keep-alive',
  'upgrade-insecure-requests' => '1',
  'user-agent' => 'Mozilla/5.0 (Windows NT 6.1; Win64; x64) AppleWebKit/537.36 (KHTML, like Gecko) Chrome/63.0.3239.108 Safari/537.36',
  'accept' => 'text/html,application/xhtml+xml,application/xml;q=0.9,image/webp,image/apng,*/*;q=0.8',
  'referer' => 'http://www.tplay.im/admin/index/index.shtml',
  'accept-encoding' => 'gzip, deflate',
  'accept-language' => 'zh-CN,zh;q=0.9',
  'cookie' => 'PHPSESSID=po7kblg51fc49ech5hkjf5pih0',
)
[ info ] [ PARAM ] array (
)
[ info ] [ SESSION ] INIT array (
  'id' => '',
  'var_session_id' => '',
  'prefix' => 'think',
  'type' => '',
  'auto_start' => true,
)
[ info ] [ RUN ] app\admin\controller\Menu->index[ E:\phpStudy\WWW\tplay\app\admin\controller\Menu.php ]
[ info ] [ VIEW ] E:\phpStudy\WWW\tplay\public/../app/admin\view\menu\index.html [ array (
  0 => 'menus',
) ]
[ info ] [ LOG ] INIT File
[ sql ] [ DB ] CONNECT:[ UseTime:0.001000s ] mysql:host=127.0.0.1;port=3306;dbname=tplay;charset=utf8
[ sql ] [ SQL ] SHOW COLUMNS FROM `tplay_urlconfig` [ RunTime:0.029002s ]
[ sql ] [ SQL ] SELECT `aliases`,`url` FROM `tplay_urlconfig` WHERE  `status` = 1 [ RunTime:0.001000s ]
[ sql ] [ SQL ] SHOW COLUMNS FROM `tplay_webconfig` [ RunTime:0.007001s ]
[ sql ] [ SQL ] SELECT `black_ip` FROM `tplay_webconfig` WHERE  `web` = 'web' LIMIT 1 [ RunTime:0.001000s ]
[ sql ] [ SQL ] SHOW COLUMNS FROM `tplay_admin_cate` [ RunTime:0.009000s ]
[ sql ] [ SQL ] SELECT `permissions` FROM `tplay_admin_cate` WHERE  `id` = 1 LIMIT 1 [ RunTime:0.000000s ]
[ sql ] [ SQL ] SHOW COLUMNS FROM `tplay_admin_menu` [ RunTime:0.006001s ]
[ sql ] [ SQL ] SELECT * FROM `tplay_admin_menu` WHERE  `module` = 'admin'  AND `controller` = 'Menu'  AND `function` = 'index'  AND `type` = 1  AND `parameter` = 'menu=' LIMIT 1 [ RunTime:0.001000s ]
[ sql ] [ SQL ] SELECT * FROM `tplay_admin_menu` WHERE  `module` = 'admin'  AND `controller` = 'Menu'  AND `function` = 'index'  AND `type` = 1 LIMIT 1 [ RunTime:0.001000s ]
[ sql ] [ SQL ] SELECT * FROM `tplay_admin_menu` ORDER BY orders asc [ RunTime:0.002000s ]
---------------------------------------------------------------
[ 2018-02-08T16:10:28+08:00 ] 127.0.0.1 GET /admin/main/index
[ info ] www.tplay.im/admin/main/index [运行时间：0.172010s][吞吐率：5.81req/s] [内存消耗：2,709.02kb] [文件加载：55]
[ info ] [ LANG ] E:\phpStudy\WWW\tplay\simport\thinkphp\lang\zh-cn.php
[ info ] [ DB ] INIT mysql
[ info ] [ ROUTE ] array (
  'type' => 'module',
  'module' => 
  array (
    0 => 'admin',
    1 => 'main',
    2 => 'index',
  ),
)
[ info ] [ HEADER ] array (
  'host' => 'www.tplay.im',
  'connection' => 'keep-alive',
  'upgrade-insecure-requests' => '1',
  'user-agent' => 'Mozilla/5.0 (Windows NT 6.1; Win64; x64) AppleWebKit/537.36 (KHTML, like Gecko) Chrome/63.0.3239.108 Safari/537.36',
  'accept' => 'text/html,application/xhtml+xml,application/xml;q=0.9,image/webp,image/apng,*/*;q=0.8',
  'referer' => 'http://www.tplay.im/admin/index/index.shtml',
  'accept-encoding' => 'gzip, deflate',
  'accept-language' => 'zh-CN,zh;q=0.9',
  'cookie' => 'PHPSESSID=po7kblg51fc49ech5hkjf5pih0',
)
[ info ] [ PARAM ] array (
)
[ info ] [ SESSION ] INIT array (
  'id' => '',
  'var_session_id' => '',
  'prefix' => 'think',
  'type' => '',
  'auto_start' => true,
)
[ info ] [ RUN ] app\admin\controller\Main->index[ E:\phpStudy\WWW\tplay\app\admin\controller\Main.php ]
[ info ] [ VIEW ] E:\phpStudy\WWW\tplay\public/../app/admin\view\main\index.html [ array (
  0 => 'info',
  1 => 'web',
) ]
[ info ] [ LOG ] INIT File
[ sql ] [ DB ] CONNECT:[ UseTime:0.010001s ] mysql:host=127.0.0.1;port=3306;dbname=tplay;charset=utf8
[ sql ] [ SQL ] SHOW COLUMNS FROM `tplay_urlconfig` [ RunTime:0.007000s ]
[ sql ] [ SQL ] SELECT `aliases`,`url` FROM `tplay_urlconfig` WHERE  `status` = 1 [ RunTime:0.000000s ]
[ sql ] [ SQL ] SHOW COLUMNS FROM `tplay_webconfig` [ RunTime:0.008000s ]
[ sql ] [ SQL ] SELECT `black_ip` FROM `tplay_webconfig` WHERE  `web` = 'web' LIMIT 1 [ RunTime:0.000000s ]
[ sql ] [ SQL ] SHOW COLUMNS FROM `tplay_admin_cate` [ RunTime:0.007001s ]
[ sql ] [ SQL ] SELECT `permissions` FROM `tplay_admin_cate` WHERE  `id` = 1 LIMIT 1 [ RunTime:0.000000s ]
[ sql ] [ SQL ] SHOW COLUMNS FROM `tplay_admin_menu` [ RunTime:0.008000s ]
[ sql ] [ SQL ] SELECT * FROM `tplay_admin_menu` WHERE  `module` = 'admin'  AND `controller` = 'Main'  AND `function` = 'index'  AND `type` = 1  AND `parameter` = 'main=' LIMIT 1 [ RunTime:0.000000s ]
[ sql ] [ SQL ] SELECT * FROM `tplay_admin_menu` WHERE  `module` = 'admin'  AND `controller` = 'Main'  AND `function` = 'index'  AND `type` = 1 LIMIT 1 [ RunTime:0.000000s ]
[ sql ] [ SQL ] SHOW COLUMNS FROM `tplay_admin` [ RunTime:0.008001s ]
[ sql ] [ SQL ] SELECT COUNT(*) AS tp_count FROM `tplay_admin` LIMIT 1 [ RunTime:0.001000s ]
[ sql ] [ SQL ] SELECT COUNT(*) AS tp_count FROM `tplay_admin_cate` LIMIT 1 [ RunTime:0.000000s ]
[ sql ] [ SQL ] SELECT `black_ip` FROM `tplay_webconfig` LIMIT 1 [ RunTime:0.000000s ]
[ sql ] [ SQL ] SHOW COLUMNS FROM `tplay_article` [ RunTime:0.009000s ]
[ sql ] [ SQL ] SELECT COUNT(*) AS tp_count FROM `tplay_article` LIMIT 1 [ RunTime:0.001000s ]
[ sql ] [ SQL ] SELECT COUNT(*) AS tp_count FROM `tplay_article` WHERE  `status` = 0 LIMIT 1 [ RunTime:0.001001s ]
[ sql ] [ SQL ] SELECT COUNT(*) AS tp_count FROM `tplay_article` WHERE  `is_top` = 1 LIMIT 1 [ RunTime:0.001000s ]
[ sql ] [ SQL ] SHOW COLUMNS FROM `tplay_attachment` [ RunTime:0.024001s ]
[ sql ] [ SQL ] SELECT COUNT(*) AS tp_count FROM `tplay_attachment` LIMIT 1 [ RunTime:0.000000s ]
[ sql ] [ SQL ] SELECT COUNT(*) AS tp_count FROM `tplay_attachment` WHERE  `status` = 0 LIMIT 1 [ RunTime:0.000000s ]
[ sql ] [ SQL ] SELECT COUNT(*) AS tp_count FROM `tplay_attachment` WHERE  `status` = -1 LIMIT 1 [ RunTime:0.000000s ]
[ sql ] [ SQL ] SHOW COLUMNS FROM `tplay_messages` [ RunTime:0.010001s ]
[ sql ] [ SQL ] SELECT COUNT(*) AS tp_count FROM `tplay_messages` LIMIT 1 [ RunTime:0.000000s ]
[ sql ] [ SQL ] SELECT COUNT(*) AS tp_count FROM `tplay_messages` WHERE  `is_look` = 0 LIMIT 1 [ RunTime:0.001000s ]
[ sql ] [ SQL ] SHOW COLUMNS FROM `tplay_admin_log` [ RunTime:0.008000s ]
[ sql ] [ SQL ] SELECT COUNT(*) AS tp_count FROM `tplay_admin_log` WHERE  `admin_menu_id` = 50  AND ( `create_time` >= 1517241600 AND `create_time` <= 1517328000 ) LIMIT 1 [ RunTime:0.001000s ]
[ sql ] [ SQL ] SELECT COUNT(*) AS tp_count FROM `tplay_admin_log` WHERE  `admin_menu_id` = 50  AND ( `create_time` >= 1517328000 AND `create_time` <= 1517414400 ) LIMIT 1 [ RunTime:0.000000s ]
[ sql ] [ SQL ] SELECT COUNT(*) AS tp_count FROM `tplay_admin_log` WHERE  `admin_menu_id` = 50  AND ( `create_time` >= 1517414400 AND `create_time` <= 1517500800 ) LIMIT 1 [ RunTime:0.000000s ]
[ sql ] [ SQL ] SELECT COUNT(*) AS tp_count FROM `tplay_admin_log` WHERE  `admin_menu_id` = 50  AND ( `create_time` >= 1517500800 AND `create_time` <= 1517587200 ) LIMIT 1 [ RunTime:0.000000s ]
[ sql ] [ SQL ] SELECT COUNT(*) AS tp_count FROM `tplay_admin_log` WHERE  `admin_menu_id` = 50  AND ( `create_time` >= 1517587200 AND `create_time` <= 1517673600 ) LIMIT 1 [ RunTime:0.000000s ]
[ sql ] [ SQL ] SELECT COUNT(*) AS tp_count FROM `tplay_admin_log` WHERE  `admin_menu_id` = 50  AND ( `create_time` >= 1517673600 AND `create_time` <= 1517760000 ) LIMIT 1 [ RunTime:0.000000s ]
[ sql ] [ SQL ] SELECT COUNT(*) AS tp_count FROM `tplay_admin_log` WHERE  `admin_menu_id` = 50  AND ( `create_time` >= 1517760000 AND `create_time` <= 1517846400 ) LIMIT 1 [ RunTime:0.001000s ]
[ sql ] [ SQL ] SELECT COUNT(*) AS tp_count FROM `tplay_admin_log` WHERE  `admin_menu_id` = 50  AND ( `create_time` >= 1517846400 AND `create_time` <= 1517932800 ) LIMIT 1 [ RunTime:0.000000s ]
[ sql ] [ SQL ] SELECT COUNT(*) AS tp_count FROM `tplay_admin_log` WHERE  `admin_menu_id` = 50  AND ( `create_time` >= 1517932800 AND `create_time` <= 1518019200 ) LIMIT 1 [ RunTime:0.001000s ]
[ sql ] [ SQL ] SELECT COUNT(*) AS tp_count FROM `tplay_admin_log` WHERE  `admin_menu_id` = 50  AND ( `create_time` >= 1518019200 AND `create_time` <= 1518105600 ) LIMIT 1 [ RunTime:0.001000s ]
---------------------------------------------------------------
[ 2018-02-08T16:10:28+08:00 ] 127.0.0.1 GET /static/admin/css/layer.css
[ info ] www.tplay.im/static/admin/css/layer.css [运行时间：0.051003s][吞吐率：19.61req/s] [内存消耗：2,223.71kb] [文件加载：46]
[ info ] [ LANG ] E:\phpStudy\WWW\tplay\simport\thinkphp\lang\zh-cn.php
[ info ] [ DB ] INIT mysql
[ info ] [ ROUTE ] array (
  'type' => 'module',
  'module' => 
  array (
    0 => 'static',
    1 => 'admin',
    2 => 'css',
  ),
)
[ info ] [ HEADER ] array (
  'host' => 'www.tplay.im',
  'connection' => 'keep-alive',
  'user-agent' => 'Mozilla/5.0 (Windows NT 6.1; Win64; x64) AppleWebKit/537.36 (KHTML, like Gecko) Chrome/63.0.3239.108 Safari/537.36',
  'accept' => 'text/css,*/*;q=0.1',
  'referer' => 'http://www.tplay.im/admin/main/index',
  'accept-encoding' => 'gzip, deflate',
  'accept-language' => 'zh-CN,zh;q=0.9',
  'cookie' => 'PHPSESSID=po7kblg51fc49ech5hkjf5pih0',
)
[ info ] [ PARAM ] array (
)
[ info ] [ LOG ] INIT File
[ sql ] [ DB ] CONNECT:[ UseTime:0.010000s ] mysql:host=127.0.0.1;port=3306;dbname=tplay;charset=utf8
[ sql ] [ SQL ] SHOW COLUMNS FROM `tplay_urlconfig` [ RunTime:0.008001s ]
[ sql ] [ SQL ] SELECT `aliases`,`url` FROM `tplay_urlconfig` WHERE  `status` = 1 [ RunTime:0.001000s ]
---------------------------------------------------------------
[ 2018-02-08T16:12:55+08:00 ] 127.0.0.1 GET /admin/common/clear.shtml
[ info ] www.tplay.im/admin/common/clear.shtml [运行时间：0.068004s][吞吐率：14.70req/s] [内存消耗：2,614.34kb] [文件加载：57]
[ info ] [ LANG ] E:\phpStudy\WWW\tplay\simport\thinkphp\lang\zh-cn.php
[ info ] [ DB ] INIT mysql
[ info ] [ ROUTE ] array (
  'type' => 'module',
  'module' => 
  array (
    0 => 'admin',
    1 => 'common',
    2 => 'clear',
  ),
)
[ info ] [ HEADER ] array (
  'host' => 'www.tplay.im',
  'connection' => 'keep-alive',
  'accept' => '*/*',
  'x-requested-with' => 'XMLHttpRequest',
  'user-agent' => 'Mozilla/5.0 (Windows NT 6.1; Win64; x64) AppleWebKit/537.36 (KHTML, like Gecko) Chrome/63.0.3239.108 Safari/537.36',
  'referer' => 'http://www.tplay.im/admin/index/index.shtml',
  'accept-encoding' => 'gzip, deflate',
  'accept-language' => 'zh-CN,zh;q=0.9',
  'cookie' => 'PHPSESSID=po7kblg51fc49ech5hkjf5pih0',
)
[ info ] [ PARAM ] array (
)
[ info ] [ RUN ] app\admin\controller\Common->clear[ E:\phpStudy\WWW\tplay\app\admin\controller\Common.php ]
[ info ] [ CACHE ] INIT File
[ info ] [ LOG ] INIT File
[ sql ] [ DB ] CONNECT:[ UseTime:0.010001s ] mysql:host=127.0.0.1;port=3306;dbname=tplay;charset=utf8
[ sql ] [ SQL ] SHOW COLUMNS FROM `tplay_urlconfig` [ RunTime:0.008001s ]
[ sql ] [ SQL ] SELECT `aliases`,`url` FROM `tplay_urlconfig` WHERE  `status` = 1 [ RunTime:0.001000s ]
