---------------------------------------------------------------
[ 2018-02-27T16:17:29+08:00 ] 127.0.0.1 GET /admin/index/index.shtml
[ info ] www.tplay.im/admin/index/index.shtml [运行时间：0.386022s][吞吐率：2.59req/s] [内存消耗：2,604.84kb] [文件加载：56]
[ info ] [ LANG ] E:\phpStudy\WWW\tplay\simport\thinkphp\lang\zh-cn.php
[ info ] [ DB ] INIT mysql
[ info ] [ ROUTE ] array (
  'type' => 'module',
  'module' => 
  array (
    0 => 'admin',
    1 => 'index',
    2 => 'index',
  ),
)
[ info ] [ HEADER ] array (
  'host' => 'www.tplay.im',
  'user-agent' => 'Mozilla/5.0 (Windows NT 6.1; Win64; x64; rv:57.0) Gecko/20100101 Firefox/57.0',
  'accept' => 'text/html,application/xhtml+xml,application/xml;q=0.9,*/*;q=0.8',
  'accept-language' => 'zh-CN,zh;q=0.8,zh-TW;q=0.7,zh-HK;q=0.5,en-US;q=0.3,en;q=0.2',
  'accept-encoding' => 'gzip, deflate',
  'connection' => 'keep-alive',
  'upgrade-insecure-requests' => '1',
  'pragma' => 'no-cache',
  'cache-control' => 'no-cache',
)
[ info ] [ PARAM ] array (
)
[ info ] [ SESSION ] INIT array (
  'id' => '',
  'var_session_id' => '',
  'prefix' => 'think',
  'type' => '',
  'auto_start' => true,
)
[ info ] [ LOG ] INIT File
[ sql ] [ DB ] CONNECT:[ UseTime:0.008000s ] mysql:host=127.0.0.1;port=3306;dbname=tplay;charset=utf8
[ sql ] [ SQL ] SHOW COLUMNS FROM `tplay_urlconfig` [ RunTime:0.116007s ]
[ sql ] [ SQL ] SELECT `aliases`,`url` FROM `tplay_urlconfig` WHERE  `status` = 1 [ RunTime:0.000000s ]
[ sql ] [ SQL ] SHOW COLUMNS FROM `tplay_webconfig` [ RunTime:0.096005s ]
[ sql ] [ SQL ] SELECT `black_ip` FROM `tplay_webconfig` WHERE  `web` = 'web' LIMIT 1 [ RunTime:0.001000s ]
---------------------------------------------------------------
[ 2018-02-27T16:17:30+08:00 ] 127.0.0.1 GET /admin/common/login.shtml
[ info ] www.tplay.im/admin/common/login.shtml [运行时间：0.170010s][吞吐率：5.88req/s] [内存消耗：2,607.27kb] [文件加载：55]
[ info ] [ LANG ] E:\phpStudy\WWW\tplay\simport\thinkphp\lang\zh-cn.php
[ info ] [ DB ] INIT mysql
[ info ] [ ROUTE ] array (
  'type' => 'module',
  'module' => 
  array (
    0 => 'admin',
    1 => 'common',
    2 => 'login',
  ),
)
[ info ] [ HEADER ] array (
  'host' => 'www.tplay.im',
  'user-agent' => 'Mozilla/5.0 (Windows NT 6.1; Win64; x64; rv:57.0) Gecko/20100101 Firefox/57.0',
  'accept' => 'text/html,application/xhtml+xml,application/xml;q=0.9,*/*;q=0.8',
  'accept-language' => 'zh-CN,zh;q=0.8,zh-TW;q=0.7,zh-HK;q=0.5,en-US;q=0.3,en;q=0.2',
  'accept-encoding' => 'gzip, deflate',
  'connection' => 'keep-alive',
  'upgrade-insecure-requests' => '1',
  'pragma' => 'no-cache',
  'cache-control' => 'no-cache',
)
[ info ] [ PARAM ] array (
)
[ info ] [ RUN ] app\admin\controller\Common->login[ E:\phpStudy\WWW\tplay\app\admin\controller\Common.php ]
[ info ] [ SESSION ] INIT array (
  'id' => '',
  'var_session_id' => '',
  'prefix' => 'think',
  'type' => '',
  'auto_start' => true,
)
[ info ] [ VIEW ] E:\phpStudy\WWW\tplay\public/../app/admin\view\common\login.html [ array (
) ]
[ info ] [ LOG ] INIT File
[ sql ] [ DB ] CONNECT:[ UseTime:0.002000s ] mysql:host=127.0.0.1;port=3306;dbname=tplay;charset=utf8
[ sql ] [ SQL ] SHOW COLUMNS FROM `tplay_urlconfig` [ RunTime:0.016000s ]
[ sql ] [ SQL ] SELECT `aliases`,`url` FROM `tplay_urlconfig` WHERE  `status` = 1 [ RunTime:0.000000s ]
---------------------------------------------------------------
[ 2018-02-27T16:17:30+08:00 ] 127.0.0.1 GET /captcha.shtml
[ info ] www.tplay.im/captcha.shtml [运行时间：0.201011s][吞吐率：4.97req/s] [内存消耗：2,248.46kb] [文件加载：45]
[ info ] [ LANG ] E:\phpStudy\WWW\tplay\simport\thinkphp\lang\zh-cn.php
[ info ] [ DB ] INIT mysql
[ info ] [ ROUTE ] array (
  'type' => 'method',
  'method' => 
  array (
    0 => '\\think\\captcha\\CaptchaController',
    1 => 'index',
  ),
  'var' => 
  array (
  ),
)
[ info ] [ HEADER ] array (
  'host' => 'www.tplay.im',
  'user-agent' => 'Mozilla/5.0 (Windows NT 6.1; Win64; x64; rv:57.0) Gecko/20100101 Firefox/57.0',
  'accept' => '*/*',
  'accept-language' => 'zh-CN,zh;q=0.8,zh-TW;q=0.7,zh-HK;q=0.5,en-US;q=0.3,en;q=0.2',
  'accept-encoding' => 'gzip, deflate',
  'referer' => 'http://www.tplay.im/admin/common/login.shtml',
  'connection' => 'keep-alive',
  'pragma' => 'no-cache',
  'cache-control' => 'no-cache',
)
[ info ] [ PARAM ] array (
  'id' => NULL,
)
[ info ] [ RUN ] think\captcha\CaptchaController->index[ E:\phpStudy\WWW\tplay\simport\vendor\topthink\think-captcha\src\CaptchaController.php ]
[ info ] [ SESSION ] INIT array (
  'id' => '',
  'var_session_id' => '',
  'prefix' => 'think',
  'type' => '',
  'auto_start' => true,
)
[ info ] [ LOG ] INIT File
[ sql ] [ DB ] CONNECT:[ UseTime:0.029001s ] mysql:host=127.0.0.1;port=3306;dbname=tplay;charset=utf8
[ sql ] [ SQL ] SHOW COLUMNS FROM `tplay_urlconfig` [ RunTime:0.016001s ]
[ sql ] [ SQL ] SELECT `aliases`,`url` FROM `tplay_urlconfig` WHERE  `status` = 1 [ RunTime:0.004001s ]
