---------------------------------------------------------------
[ 2017-12-22T09:23:56+08:00 ] 127.0.0.1 GET /public/admin/index/index.shtml
[ info ] www.tplay.im/public/admin/index/index.shtml [运行时间：0.139008s][吞吐率：7.19req/s] [内存消耗：2,840.33kb] [文件加载：59]
[ info ] [ LANG ] E:\phpStudy\WWW\tplay\thinkphp\lang\zh-cn.php
[ info ] [ DB ] INIT mysql
[ info ] [ ROUTE ] array (
  'type' => 'module',
  'module' => 
  array (
    0 => 'admin',
    1 => 'index',
    2 => 'index',
  ),
)
[ info ] [ HEADER ] array (
  'host' => 'www.tplay.im',
  'connection' => 'keep-alive',
  'pragma' => 'no-cache',
  'cache-control' => 'no-cache',
  'user-agent' => 'Mozilla/5.0 (Windows NT 6.1; Win64; x64) AppleWebKit/537.36 (KHTML, like Gecko) Chrome/63.0.3239.108 Safari/537.36',
  'upgrade-insecure-requests' => '1',
  'accept' => 'text/html,application/xhtml+xml,application/xml;q=0.9,image/webp,image/apng,*/*;q=0.8',
  'referer' => 'http://www.tplay.im/public/login.shtml',
  'accept-encoding' => 'gzip, deflate',
  'accept-language' => 'zh-CN,zh;q=0.9',
  'cookie' => 'PHPSESSID=0e6f9o4iu4f4dpfo6pt6oa0b64; admin=1',
)
[ info ] [ PARAM ] array (
)
[ info ] [ RUN ] app\admin\controller\Index->index[ E:\phpStudy\WWW\tplay\application\admin\controller\Index.php ]
[ info ] [ VIEW ] E:\phpStudy\WWW\tplay\public/../application/admin\view\index\index.html [ array (
  0 => 'cookie',
  1 => 'menus',
) ]
[ info ] [ LOG ] INIT File
[ sql ] [ DB ] CONNECT:[ UseTime:0.010001s ] mysql:host=127.0.0.1;port=3306;dbname=tplay;charset=utf8
[ sql ] [ SQL ] SHOW COLUMNS FROM `tplay_urlconfig` [ RunTime:0.014001s ]
[ sql ] [ SQL ] SELECT `aliases`,`url` FROM `tplay_urlconfig` WHERE  `status` = 1 [ RunTime:0.001000s ]
[ sql ] [ SQL ] SHOW COLUMNS FROM `tplay_webconfig` [ RunTime:0.013001s ]
[ sql ] [ SQL ] SELECT `black_ip` FROM `tplay_webconfig` WHERE  `web` = 'web' LIMIT 1 [ RunTime:0.000000s ]
[ sql ] [ SQL ] SHOW COLUMNS FROM `tplay_admin` [ RunTime:0.011001s ]
[ sql ] [ SQL ] SELECT * FROM `tplay_admin` WHERE  `id` = 1 LIMIT 1 [ RunTime:0.002000s ]
[ sql ] [ SQL ] SHOW COLUMNS FROM `tplay_admin_menu` [ RunTime:0.013001s ]
[ sql ] [ SQL ] SELECT * FROM `tplay_admin_menu` WHERE  `is_display` = 1 ORDER BY orders asc [ RunTime:0.001000s ]
[ sql ] [ SQL ] SHOW COLUMNS FROM `tplay_attachment` [ RunTime:0.012001s ]
[ sql ] [ SQL ] SELECT * FROM `tplay_attachment` WHERE  `id` = 1786 LIMIT 1 [ RunTime:0.000000s ]
---------------------------------------------------------------
[ 2017-12-22T09:23:56+08:00 ] 127.0.0.1 GET /public/admin/main/index
[ info ] www.tplay.im/public/admin/main/index [运行时间：0.147008s][吞吐率：6.80req/s] [内存消耗：2,747.98kb] [文件加载：57]
[ info ] [ LANG ] E:\phpStudy\WWW\tplay\thinkphp\lang\zh-cn.php
[ info ] [ DB ] INIT mysql
[ info ] [ ROUTE ] array (
  'type' => 'module',
  'module' => 
  array (
    0 => 'admin',
    1 => 'main',
    2 => 'index',
  ),
)
[ info ] [ HEADER ] array (
  'host' => 'www.tplay.im',
  'connection' => 'keep-alive',
  'upgrade-insecure-requests' => '1',
  'user-agent' => 'Mozilla/5.0 (Windows NT 6.1; Win64; x64) AppleWebKit/537.36 (KHTML, like Gecko) Chrome/63.0.3239.108 Safari/537.36',
  'accept' => 'text/html,application/xhtml+xml,application/xml;q=0.9,image/webp,image/apng,*/*;q=0.8',
  'referer' => 'http://www.tplay.im/public/admin/index/index.shtml',
  'accept-encoding' => 'gzip, deflate',
  'accept-language' => 'zh-CN,zh;q=0.9',
  'cookie' => 'PHPSESSID=0e6f9o4iu4f4dpfo6pt6oa0b64; admin=1',
)
[ info ] [ PARAM ] array (
)
[ info ] [ RUN ] app\admin\controller\Main->index[ E:\phpStudy\WWW\tplay\application\admin\controller\Main.php ]
[ info ] [ VIEW ] E:\phpStudy\WWW\tplay\public/../application/admin\view\main\index.html [ array (
  0 => 'info',
  1 => 'web',
) ]
[ info ] [ LOG ] INIT File
[ sql ] [ DB ] CONNECT:[ UseTime:0.013001s ] mysql:host=127.0.0.1;port=3306;dbname=tplay;charset=utf8
[ sql ] [ SQL ] SHOW COLUMNS FROM `tplay_urlconfig` [ RunTime:0.022001s ]
[ sql ] [ SQL ] SELECT `aliases`,`url` FROM `tplay_urlconfig` WHERE  `status` = 1 [ RunTime:0.001000s ]
[ sql ] [ SQL ] SHOW COLUMNS FROM `tplay_admin` [ RunTime:0.011000s ]
[ sql ] [ SQL ] SELECT COUNT(*) AS tp_count FROM `tplay_admin` LIMIT 1 [ RunTime:0.000000s ]
[ sql ] [ SQL ] SHOW COLUMNS FROM `tplay_admin_cate` [ RunTime:0.012001s ]
[ sql ] [ SQL ] SELECT COUNT(*) AS tp_count FROM `tplay_admin_cate` LIMIT 1 [ RunTime:0.000000s ]
[ sql ] [ SQL ] SHOW COLUMNS FROM `tplay_article` [ RunTime:0.011001s ]
[ sql ] [ SQL ] SELECT COUNT(*) AS tp_count FROM `tplay_article` LIMIT 1 [ RunTime:0.000000s ]
[ sql ] [ SQL ] SELECT COUNT(*) AS tp_count FROM `tplay_article` WHERE  `status` = 0 LIMIT 1 [ RunTime:0.001000s ]
[ sql ] [ SQL ] SHOW COLUMNS FROM `tplay_attachment` [ RunTime:0.011001s ]
[ sql ] [ SQL ] SELECT COUNT(*) AS tp_count FROM `tplay_attachment` LIMIT 1 [ RunTime:0.000000s ]
[ sql ] [ SQL ] SELECT COUNT(*) AS tp_count FROM `tplay_attachment` WHERE  `status` = 0 LIMIT 1 [ RunTime:0.000000s ]
[ sql ] [ SQL ] SHOW COLUMNS FROM `tplay_messages` [ RunTime:0.012000s ]
[ sql ] [ SQL ] SELECT COUNT(*) AS tp_count FROM `tplay_messages` LIMIT 1 [ RunTime:0.000000s ]
[ sql ] [ SQL ] SELECT COUNT(*) AS tp_count FROM `tplay_messages` WHERE  `is_look` = 0 LIMIT 1 [ RunTime:0.000000s ]
---------------------------------------------------------------
[ 2017-12-22T09:24:01+08:00 ] 127.0.0.1 GET /public/admin/admin/log.shtml
[ info ] www.tplay.im/public/admin/admin/log.shtml [运行时间：0.150009s][吞吐率：6.67req/s] [内存消耗：3,270.68kb] [文件加载：64]
[ info ] [ LANG ] E:\phpStudy\WWW\tplay\thinkphp\lang\zh-cn.php
[ info ] [ DB ] INIT mysql
[ info ] [ ROUTE ] array (
  'type' => 'module',
  'module' => 
  array (
    0 => 'admin',
    1 => 'admin',
    2 => 'log',
  ),
)
[ info ] [ HEADER ] array (
  'host' => 'www.tplay.im',
  'connection' => 'keep-alive',
  'upgrade-insecure-requests' => '1',
  'user-agent' => 'Mozilla/5.0 (Windows NT 6.1; Win64; x64) AppleWebKit/537.36 (KHTML, like Gecko) Chrome/63.0.3239.108 Safari/537.36',
  'accept' => 'text/html,application/xhtml+xml,application/xml;q=0.9,image/webp,image/apng,*/*;q=0.8',
  'referer' => 'http://www.tplay.im/public/admin/index/index.shtml',
  'accept-encoding' => 'gzip, deflate',
  'accept-language' => 'zh-CN,zh;q=0.9',
  'cookie' => 'PHPSESSID=0e6f9o4iu4f4dpfo6pt6oa0b64; admin=1',
)
[ info ] [ PARAM ] array (
)
[ info ] [ RUN ] app\admin\controller\Admin->log[ E:\phpStudy\WWW\tplay\application\admin\controller\Admin.php ]
[ info ] [ VIEW ] E:\phpStudy\WWW\tplay\public/../application/admin\view\admin\log.html [ array (
  0 => 'cookie',
  1 => 'log',
  2 => 'admin_cate',
) ]
[ info ] [ LOG ] INIT File
[ sql ] [ DB ] CONNECT:[ UseTime:0.010001s ] mysql:host=127.0.0.1;port=3306;dbname=tplay;charset=utf8
[ sql ] [ SQL ] SHOW COLUMNS FROM `tplay_urlconfig` [ RunTime:0.012000s ]
[ sql ] [ SQL ] SELECT `aliases`,`url` FROM `tplay_urlconfig` WHERE  `status` = 1 [ RunTime:0.001000s ]
[ sql ] [ SQL ] SHOW COLUMNS FROM `tplay_webconfig` [ RunTime:0.016001s ]
[ sql ] [ SQL ] SELECT `black_ip` FROM `tplay_webconfig` WHERE  `web` = 'web' LIMIT 1 [ RunTime:0.000000s ]
[ sql ] [ SQL ] SHOW COLUMNS FROM `tplay_admin` [ RunTime:0.014001s ]
[ sql ] [ SQL ] SELECT * FROM `tplay_admin` WHERE  `id` = 1 LIMIT 1 [ RunTime:0.001000s ]
[ sql ] [ SQL ] SHOW COLUMNS FROM `tplay_admin_log` [ RunTime:0.016001s ]
[ sql ] [ SQL ] SELECT COUNT(*) AS tp_count FROM `tplay_admin_log` LIMIT 1 [ RunTime:0.001000s ]
[ sql ] [ SQL ] SELECT * FROM `tplay_admin_log` ORDER BY create_time desc LIMIT 0,20 [ RunTime:0.000000s ]
[ sql ] [ SQL ] SHOW COLUMNS FROM `tplay_admin_cate` [ RunTime:0.014001s ]
[ sql ] [ SQL ] SELECT * FROM `tplay_admin_cate` [ RunTime:0.001000s ]
---------------------------------------------------------------
[ 2017-12-22T09:24:07+08:00 ] 127.0.0.1 GET /public/admin/admin/personal.shtml
[ info ] www.tplay.im/public/admin/admin/personal.shtml [运行时间：0.137007s][吞吐率：7.30req/s] [内存消耗：3,156.21kb] [文件加载：61]
[ info ] [ LANG ] E:\phpStudy\WWW\tplay\thinkphp\lang\zh-cn.php
[ info ] [ DB ] INIT mysql
[ info ] [ ROUTE ] array (
  'type' => 'module',
  'module' => 
  array (
    0 => 'admin',
    1 => 'admin',
    2 => 'personal',
  ),
)
[ info ] [ HEADER ] array (
  'host' => 'www.tplay.im',
  'connection' => 'keep-alive',
  'upgrade-insecure-requests' => '1',
  'user-agent' => 'Mozilla/5.0 (Windows NT 6.1; Win64; x64) AppleWebKit/537.36 (KHTML, like Gecko) Chrome/63.0.3239.108 Safari/537.36',
  'accept' => 'text/html,application/xhtml+xml,application/xml;q=0.9,image/webp,image/apng,*/*;q=0.8',
  'referer' => 'http://www.tplay.im/public/admin/index/index.shtml',
  'accept-encoding' => 'gzip, deflate',
  'accept-language' => 'zh-CN,zh;q=0.9',
  'cookie' => 'PHPSESSID=0e6f9o4iu4f4dpfo6pt6oa0b64; admin=1',
)
[ info ] [ PARAM ] array (
)
[ info ] [ RUN ] app\admin\controller\Admin->personal[ E:\phpStudy\WWW\tplay\application\admin\controller\Admin.php ]
[ info ] [ VIEW ] E:\phpStudy\WWW\tplay\public/../application/admin\view\admin\personal.html [ array (
  0 => 'cookie',
  1 => 'info',
) ]
[ info ] [ LOG ] INIT File
[ sql ] [ DB ] CONNECT:[ UseTime:0.011000s ] mysql:host=127.0.0.1;port=3306;dbname=tplay;charset=utf8
[ sql ] [ SQL ] SHOW COLUMNS FROM `tplay_urlconfig` [ RunTime:0.016001s ]
[ sql ] [ SQL ] SELECT `aliases`,`url` FROM `tplay_urlconfig` WHERE  `status` = 1 [ RunTime:0.001000s ]
[ sql ] [ SQL ] SHOW COLUMNS FROM `tplay_webconfig` [ RunTime:0.012001s ]
[ sql ] [ SQL ] SELECT `black_ip` FROM `tplay_webconfig` WHERE  `web` = 'web' LIMIT 1 [ RunTime:0.001000s ]
[ sql ] [ SQL ] SHOW COLUMNS FROM `tplay_admin` [ RunTime:0.015001s ]
[ sql ] [ SQL ] SELECT * FROM `tplay_admin` WHERE  `id` = 1 LIMIT 1 [ RunTime:0.001000s ]
[ sql ] [ SQL ] SELECT * FROM `tplay_admin` WHERE  `id` = 1 LIMIT 1 [ RunTime:0.000000s ]
[ sql ] [ SQL ] SHOW COLUMNS FROM `tplay_attachment` [ RunTime:0.014001s ]
[ sql ] [ SQL ] SELECT * FROM `tplay_attachment` WHERE  `id` = 1786 LIMIT 1 [ RunTime:0.000000s ]
---------------------------------------------------------------
[ 2017-12-22T09:25:06+08:00 ] 127.0.0.1 POST /public/admin/common/upload.shtml
[ info ] www.tplay.im/public/admin/common/upload.shtml [运行时间：0.118007s][吞吐率：8.47req/s] [内存消耗：2,622.63kb] [文件加载：56]
[ info ] [ LANG ] E:\phpStudy\WWW\tplay\thinkphp\lang\zh-cn.php
[ info ] [ DB ] INIT mysql
[ info ] [ ROUTE ] array (
  'type' => 'module',
  'module' => 
  array (
    0 => 'admin',
    1 => 'common',
    2 => 'upload',
  ),
)
[ info ] [ HEADER ] array (
  'host' => 'www.tplay.im',
  'connection' => 'keep-alive',
  'content-length' => '13993',
  'accept' => 'application/json, text/javascript, */*; q=0.01',
  'origin' => 'http://www.tplay.im',
  'x-requested-with' => 'XMLHttpRequest',
  'user-agent' => 'Mozilla/5.0 (Windows NT 6.1; Win64; x64) AppleWebKit/537.36 (KHTML, like Gecko) Chrome/63.0.3239.108 Safari/537.36',
  'content-type' => 'multipart/form-data; boundary=----WebKitFormBoundaryi2bARFFsN2w6TmvT',
  'referer' => 'http://www.tplay.im/public/admin/admin/personal.shtml',
  'accept-encoding' => 'gzip, deflate',
  'accept-language' => 'zh-CN,zh;q=0.9',
  'cookie' => 'PHPSESSID=0e6f9o4iu4f4dpfo6pt6oa0b64; admin=1',
)
[ info ] [ PARAM ] array (
)
[ info ] [ RUN ] app\admin\controller\Common->upload[ E:\phpStudy\WWW\tplay\application\admin\controller\Common.php ]
[ info ] [ LOG ] INIT File
[ sql ] [ DB ] CONNECT:[ UseTime:0.010001s ] mysql:host=127.0.0.1;port=3306;dbname=tplay;charset=utf8
[ sql ] [ SQL ] SHOW COLUMNS FROM `tplay_urlconfig` [ RunTime:0.014001s ]
[ sql ] [ SQL ] SELECT `aliases`,`url` FROM `tplay_urlconfig` WHERE  `status` = 1 [ RunTime:0.001000s ]
[ sql ] [ SQL ] SHOW COLUMNS FROM `tplay_webconfig` [ RunTime:0.017001s ]
[ sql ] [ SQL ] SELECT * FROM `tplay_webconfig` WHERE  `web` = 'web' LIMIT 1 [ RunTime:0.000000s ]
[ sql ] [ SQL ] SHOW COLUMNS FROM `tplay_attachment` [ RunTime:0.014000s ]
[ sql ] [ SQL ] INSERT INTO `tplay_attachment` (`module` , `filename` , `filepath` , `fileext` , `filesize` , `create_time` , `uploadip` , `user_id` , `status` , `admin_id` , `audit_time` , `use`) VALUES ('admin' , '64fb5793c82c969620564938e9fc8b81.jpg' , '/public\\uploads\\admin\\admin_thumb\\20171222\\64fb5793c82c969620564938e9fc8b81.jpg' , 'jpg' , 13781 , 1513905906 , '127.0.0.1' , 1 , 1 , 1 , 1513905906 , 'admin_thumb') [ RunTime:0.019001s ]
---------------------------------------------------------------
[ 2017-12-22T09:25:08+08:00 ] 127.0.0.1 POST /public/admin/admin/personal.shtml
[ info ] www.tplay.im/public/admin/admin/personal.shtml [运行时间：0.154009s][吞吐率：6.49req/s] [内存消耗：3,118.30kb] [文件加载：63]
[ info ] [ LANG ] E:\phpStudy\WWW\tplay\thinkphp\lang\zh-cn.php
[ info ] [ DB ] INIT mysql
[ info ] [ ROUTE ] array (
  'type' => 'module',
  'module' => 
  array (
    0 => 'admin',
    1 => 'admin',
    2 => 'personal',
  ),
)
[ info ] [ HEADER ] array (
  'host' => 'www.tplay.im',
  'connection' => 'keep-alive',
  'content-length' => '27',
  'accept' => '*/*',
  'origin' => 'http://www.tplay.im',
  'x-requested-with' => 'XMLHttpRequest',
  'user-agent' => 'Mozilla/5.0 (Windows NT 6.1; Win64; x64) AppleWebKit/537.36 (KHTML, like Gecko) Chrome/63.0.3239.108 Safari/537.36',
  'content-type' => 'application/x-www-form-urlencoded; charset=UTF-8',
  'referer' => 'http://www.tplay.im/public/admin/admin/personal.shtml',
  'accept-encoding' => 'gzip, deflate',
  'accept-language' => 'zh-CN,zh;q=0.9',
  'cookie' => 'PHPSESSID=0e6f9o4iu4f4dpfo6pt6oa0b64; admin=1',
)
[ info ] [ PARAM ] array (
  'nickname' => 'Tplay',
  'thumb' => '1',
  'id' => '1',
)
[ info ] [ RUN ] app\admin\controller\Admin->personal[ E:\phpStudy\WWW\tplay\application\admin\controller\Admin.php ]
[ info ] [ CACHE ] INIT File
[ info ] [ LOG ] INIT File
[ sql ] [ DB ] CONNECT:[ UseTime:0.010000s ] mysql:host=127.0.0.1;port=3306;dbname=tplay;charset=utf8
[ sql ] [ SQL ] SHOW COLUMNS FROM `tplay_urlconfig` [ RunTime:0.015001s ]
[ sql ] [ SQL ] SELECT `aliases`,`url` FROM `tplay_urlconfig` WHERE  `status` = 1 [ RunTime:0.000000s ]
[ sql ] [ SQL ] SHOW COLUMNS FROM `tplay_webconfig` [ RunTime:0.016001s ]
[ sql ] [ SQL ] SELECT `black_ip` FROM `tplay_webconfig` WHERE  `web` = 'web' LIMIT 1 [ RunTime:0.001000s ]
[ sql ] [ SQL ] SHOW COLUMNS FROM `tplay_admin` [ RunTime:0.016001s ]
[ sql ] [ SQL ] SELECT * FROM `tplay_admin` WHERE  `id` = 1 LIMIT 1 [ RunTime:0.001000s ]
[ sql ] [ SQL ] SELECT * FROM `tplay_admin` WHERE  `nickname` = 'Tplay'  AND `id` <> 1 [ RunTime:0.001000s ]
[ sql ] [ SQL ] UPDATE `tplay_admin`  SET `nickname`='Tplay',`thumb`=1,`update_time`=1513905908  WHERE  `id` = 1 [ RunTime:0.001000s ]
[ sql ] [ SQL ] SELECT * FROM `tplay_webconfig` WHERE  `web` = 'web' LIMIT 1 [ RunTime:0.001000s ]
[ sql ] [ SQL ] SHOW COLUMNS FROM `tplay_admin_menu` [ RunTime:0.020002s ]
[ sql ] [ SQL ] SELECT `id` FROM `tplay_admin_menu` WHERE  `module` = 'admin'  AND `controller` = 'Admin'  AND `function` = 'personal'  AND `parameter` = 'nickname=Tplay&thumb=1&id=1' LIMIT 1 [ RunTime:0.000000s ]
[ sql ] [ SQL ] SELECT `id` FROM `tplay_admin_menu` WHERE  `module` = 'admin'  AND `controller` = 'Admin'  AND `function` = 'personal' LIMIT 1 [ RunTime:0.000000s ]
[ sql ] [ SQL ] SHOW COLUMNS FROM `tplay_admin_log` [ RunTime:0.019001s ]
[ sql ] [ SQL ] INSERT INTO `tplay_admin_log` (`operation_id` , `admin_id` , `ip` , `create_time` , `admin_menu_id`) VALUES ('1' , 1 , '127.0.0.1' , 1513905908 , 2) [ RunTime:0.001000s ]
---------------------------------------------------------------
[ 2017-12-22T09:25:09+08:00 ] 127.0.0.1 GET /public/admin/admin/index.shtml
[ info ] www.tplay.im/public/admin/admin/index.shtml [运行时间：0.146009s][吞吐率：6.85req/s] [内存消耗：3,401.65kb] [文件加载：68]
[ info ] [ LANG ] E:\phpStudy\WWW\tplay\thinkphp\lang\zh-cn.php
[ info ] [ DB ] INIT mysql
[ info ] [ ROUTE ] array (
  'type' => 'module',
  'module' => 
  array (
    0 => 'admin',
    1 => 'admin',
    2 => 'index',
  ),
)
[ info ] [ HEADER ] array (
  'host' => 'www.tplay.im',
  'connection' => 'keep-alive',
  'upgrade-insecure-requests' => '1',
  'user-agent' => 'Mozilla/5.0 (Windows NT 6.1; Win64; x64) AppleWebKit/537.36 (KHTML, like Gecko) Chrome/63.0.3239.108 Safari/537.36',
  'accept' => 'text/html,application/xhtml+xml,application/xml;q=0.9,image/webp,image/apng,*/*;q=0.8',
  'referer' => 'http://www.tplay.im/public/admin/admin/personal.shtml',
  'accept-encoding' => 'gzip, deflate',
  'accept-language' => 'zh-CN,zh;q=0.9',
  'cookie' => 'PHPSESSID=0e6f9o4iu4f4dpfo6pt6oa0b64; admin=1',
)
[ info ] [ PARAM ] array (
)
[ info ] [ RUN ] app\admin\controller\Admin->index[ E:\phpStudy\WWW\tplay\application\admin\controller\Admin.php ]
[ info ] [ VIEW ] E:\phpStudy\WWW\tplay\public/../application/admin\view\admin\index.html [ array (
  0 => 'cookie',
  1 => 'admin',
) ]
[ info ] [ LOG ] INIT File
[ sql ] [ DB ] CONNECT:[ UseTime:0.010000s ] mysql:host=127.0.0.1;port=3306;dbname=tplay;charset=utf8
[ sql ] [ SQL ] SHOW COLUMNS FROM `tplay_urlconfig` [ RunTime:0.016001s ]
[ sql ] [ SQL ] SELECT `aliases`,`url` FROM `tplay_urlconfig` WHERE  `status` = 1 [ RunTime:0.001000s ]
[ sql ] [ SQL ] SHOW COLUMNS FROM `tplay_webconfig` [ RunTime:0.016001s ]
[ sql ] [ SQL ] SELECT `black_ip` FROM `tplay_webconfig` WHERE  `web` = 'web' LIMIT 1 [ RunTime:0.000000s ]
[ sql ] [ SQL ] SHOW COLUMNS FROM `tplay_admin` [ RunTime:0.017001s ]
[ sql ] [ SQL ] SELECT * FROM `tplay_admin` WHERE  `id` = 1 LIMIT 1 [ RunTime:0.001000s ]
[ sql ] [ SQL ] SELECT COUNT(*) AS tp_count FROM `tplay_admin` LIMIT 1 [ RunTime:0.001000s ]
[ sql ] [ SQL ] SELECT * FROM `tplay_admin` LIMIT 0,20 [ RunTime:0.000000s ]
[ sql ] [ SQL ] SHOW COLUMNS FROM `tplay_attachment` [ RunTime:0.014000s ]
[ sql ] [ SQL ] SELECT * FROM `tplay_attachment` WHERE  `id` = 1 LIMIT 1 [ RunTime:0.001000s ]
[ sql ] [ SQL ] SELECT * FROM `tplay_attachment` WHERE  `id` = 1 LIMIT 1 [ RunTime:0.000000s ]
[ sql ] [ SQL ] SHOW COLUMNS FROM `tplay_admin_cate` [ RunTime:0.014001s ]
[ sql ] [ SQL ] SELECT * FROM `tplay_admin_cate` WHERE  `id` = 1 LIMIT 1 [ RunTime:0.001000s ]
---------------------------------------------------------------
[ 2017-12-22T09:25:15+08:00 ] 127.0.0.1 GET /public/admin/index/index.shtml
[ info ] www.tplay.im/public/admin/index/index.shtml [运行时间：0.123007s][吞吐率：8.13req/s] [内存消耗：2,684.41kb] [文件加载：57]
[ info ] [ LANG ] E:\phpStudy\WWW\tplay\thinkphp\lang\zh-cn.php
[ info ] [ DB ] INIT mysql
[ info ] [ ROUTE ] array (
  'type' => 'module',
  'module' => 
  array (
    0 => 'admin',
    1 => 'index',
    2 => 'index',
  ),
)
[ info ] [ HEADER ] array (
  'host' => 'www.tplay.im',
  'connection' => 'keep-alive',
  'cache-control' => 'max-age=0',
  'user-agent' => 'Mozilla/5.0 (Windows NT 6.1; Win64; x64) AppleWebKit/537.36 (KHTML, like Gecko) Chrome/63.0.3239.108 Safari/537.36',
  'upgrade-insecure-requests' => '1',
  'accept' => 'text/html,application/xhtml+xml,application/xml;q=0.9,image/webp,image/apng,*/*;q=0.8',
  'referer' => 'http://www.tplay.im/public/login.shtml',
  'accept-encoding' => 'gzip, deflate',
  'accept-language' => 'zh-CN,zh;q=0.9',
  'cookie' => 'PHPSESSID=0e6f9o4iu4f4dpfo6pt6oa0b64; admin=1',
)
[ info ] [ PARAM ] array (
)
[ info ] [ RUN ] app\admin\controller\Index->index[ E:\phpStudy\WWW\tplay\application\admin\controller\Index.php ]
[ info ] [ VIEW ] E:\phpStudy\WWW\tplay\public/../application/admin\view\index\index.html [ array (
  0 => 'cookie',
  1 => 'menus',
) ]
[ info ] [ LOG ] INIT File
[ sql ] [ DB ] CONNECT:[ UseTime:0.001000s ] mysql:host=127.0.0.1;port=3306;dbname=tplay;charset=utf8
[ sql ] [ SQL ] SHOW COLUMNS FROM `tplay_urlconfig` [ RunTime:0.013001s ]
[ sql ] [ SQL ] SELECT `aliases`,`url` FROM `tplay_urlconfig` WHERE  `status` = 1 [ RunTime:0.001000s ]
[ sql ] [ SQL ] SHOW COLUMNS FROM `tplay_webconfig` [ RunTime:0.013001s ]
[ sql ] [ SQL ] SELECT `black_ip` FROM `tplay_webconfig` WHERE  `web` = 'web' LIMIT 1 [ RunTime:0.001000s ]
[ sql ] [ SQL ] SHOW COLUMNS FROM `tplay_admin` [ RunTime:0.016001s ]
[ sql ] [ SQL ] SELECT * FROM `tplay_admin` WHERE  `id` = 1 LIMIT 1 [ RunTime:0.000000s ]
[ sql ] [ SQL ] SHOW COLUMNS FROM `tplay_admin_menu` [ RunTime:0.013001s ]
[ sql ] [ SQL ] SELECT * FROM `tplay_admin_menu` WHERE  `is_display` = 1 ORDER BY orders asc [ RunTime:0.001000s ]
[ sql ] [ SQL ] SHOW COLUMNS FROM `tplay_attachment` [ RunTime:0.013001s ]
[ sql ] [ SQL ] SELECT * FROM `tplay_attachment` WHERE  `id` = 1 LIMIT 1 [ RunTime:0.000000s ]
---------------------------------------------------------------
[ 2017-12-22T09:25:15+08:00 ] 127.0.0.1 GET /public/admin/main/index
[ info ] www.tplay.im/public/admin/main/index [运行时间：0.150009s][吞吐率：6.67req/s] [内存消耗：2,586.27kb] [文件加载：55]
[ info ] [ LANG ] E:\phpStudy\WWW\tplay\thinkphp\lang\zh-cn.php
[ info ] [ DB ] INIT mysql
[ info ] [ ROUTE ] array (
  'type' => 'module',
  'module' => 
  array (
    0 => 'admin',
    1 => 'main',
    2 => 'index',
  ),
)
[ info ] [ HEADER ] array (
  'host' => 'www.tplay.im',
  'connection' => 'keep-alive',
  'upgrade-insecure-requests' => '1',
  'user-agent' => 'Mozilla/5.0 (Windows NT 6.1; Win64; x64) AppleWebKit/537.36 (KHTML, like Gecko) Chrome/63.0.3239.108 Safari/537.36',
  'accept' => 'text/html,application/xhtml+xml,application/xml;q=0.9,image/webp,image/apng,*/*;q=0.8',
  'referer' => 'http://www.tplay.im/public/admin/index/index.shtml',
  'accept-encoding' => 'gzip, deflate',
  'accept-language' => 'zh-CN,zh;q=0.9',
  'cookie' => 'PHPSESSID=0e6f9o4iu4f4dpfo6pt6oa0b64; admin=1',
)
[ info ] [ PARAM ] array (
)
[ info ] [ RUN ] app\admin\controller\Main->index[ E:\phpStudy\WWW\tplay\application\admin\controller\Main.php ]
[ info ] [ VIEW ] E:\phpStudy\WWW\tplay\public/../application/admin\view\main\index.html [ array (
  0 => 'info',
  1 => 'web',
) ]
[ info ] [ LOG ] INIT File
[ sql ] [ DB ] CONNECT:[ UseTime:0.011001s ] mysql:host=127.0.0.1;port=3306;dbname=tplay;charset=utf8
[ sql ] [ SQL ] SHOW COLUMNS FROM `tplay_urlconfig` [ RunTime:0.015001s ]
[ sql ] [ SQL ] SELECT `aliases`,`url` FROM `tplay_urlconfig` WHERE  `status` = 1 [ RunTime:0.001000s ]
[ sql ] [ SQL ] SHOW COLUMNS FROM `tplay_admin` [ RunTime:0.014001s ]
[ sql ] [ SQL ] SELECT COUNT(*) AS tp_count FROM `tplay_admin` LIMIT 1 [ RunTime:0.001000s ]
[ sql ] [ SQL ] SHOW COLUMNS FROM `tplay_admin_cate` [ RunTime:0.015001s ]
[ sql ] [ SQL ] SELECT COUNT(*) AS tp_count FROM `tplay_admin_cate` LIMIT 1 [ RunTime:0.001000s ]
[ sql ] [ SQL ] SHOW COLUMNS FROM `tplay_article` [ RunTime:0.016001s ]
[ sql ] [ SQL ] SELECT COUNT(*) AS tp_count FROM `tplay_article` LIMIT 1 [ RunTime:0.000000s ]
[ sql ] [ SQL ] SELECT COUNT(*) AS tp_count FROM `tplay_article` WHERE  `status` = 0 LIMIT 1 [ RunTime:0.000000s ]
[ sql ] [ SQL ] SHOW COLUMNS FROM `tplay_attachment` [ RunTime:0.014001s ]
[ sql ] [ SQL ] SELECT COUNT(*) AS tp_count FROM `tplay_attachment` LIMIT 1 [ RunTime:0.001000s ]
[ sql ] [ SQL ] SELECT COUNT(*) AS tp_count FROM `tplay_attachment` WHERE  `status` = 0 LIMIT 1 [ RunTime:0.001000s ]
[ sql ] [ SQL ] SHOW COLUMNS FROM `tplay_messages` [ RunTime:0.014001s ]
[ sql ] [ SQL ] SELECT COUNT(*) AS tp_count FROM `tplay_messages` LIMIT 1 [ RunTime:0.000000s ]
[ sql ] [ SQL ] SELECT COUNT(*) AS tp_count FROM `tplay_messages` WHERE  `is_look` = 0 LIMIT 1 [ RunTime:0.000000s ]
---------------------------------------------------------------
[ 2017-12-22T09:25:20+08:00 ] 127.0.0.1 GET /public/admin/admin/log.shtml
[ info ] www.tplay.im/public/admin/admin/log.shtml [运行时间：0.177010s][吞吐率：5.65req/s] [内存消耗：3,298.91kb] [文件加载：67]
[ info ] [ LANG ] E:\phpStudy\WWW\tplay\thinkphp\lang\zh-cn.php
[ info ] [ DB ] INIT mysql
[ info ] [ ROUTE ] array (
  'type' => 'module',
  'module' => 
  array (
    0 => 'admin',
    1 => 'admin',
    2 => 'log',
  ),
)
[ info ] [ HEADER ] array (
  'host' => 'www.tplay.im',
  'connection' => 'keep-alive',
  'upgrade-insecure-requests' => '1',
  'user-agent' => 'Mozilla/5.0 (Windows NT 6.1; Win64; x64) AppleWebKit/537.36 (KHTML, like Gecko) Chrome/63.0.3239.108 Safari/537.36',
  'accept' => 'text/html,application/xhtml+xml,application/xml;q=0.9,image/webp,image/apng,*/*;q=0.8',
  'referer' => 'http://www.tplay.im/public/admin/index/index.shtml',
  'accept-encoding' => 'gzip, deflate',
  'accept-language' => 'zh-CN,zh;q=0.9',
  'cookie' => 'PHPSESSID=0e6f9o4iu4f4dpfo6pt6oa0b64; admin=1',
)
[ info ] [ PARAM ] array (
)
[ info ] [ RUN ] app\admin\controller\Admin->log[ E:\phpStudy\WWW\tplay\application\admin\controller\Admin.php ]
[ info ] [ VIEW ] E:\phpStudy\WWW\tplay\public/../application/admin\view\admin\log.html [ array (
  0 => 'cookie',
  1 => 'log',
  2 => 'admin_cate',
) ]
[ info ] [ LOG ] INIT File
[ sql ] [ DB ] CONNECT:[ UseTime:0.010000s ] mysql:host=127.0.0.1;port=3306;dbname=tplay;charset=utf8
[ sql ] [ SQL ] SHOW COLUMNS FROM `tplay_urlconfig` [ RunTime:0.014001s ]
[ sql ] [ SQL ] SELECT `aliases`,`url` FROM `tplay_urlconfig` WHERE  `status` = 1 [ RunTime:0.000000s ]
[ sql ] [ SQL ] SHOW COLUMNS FROM `tplay_webconfig` [ RunTime:0.017001s ]
[ sql ] [ SQL ] SELECT `black_ip` FROM `tplay_webconfig` WHERE  `web` = 'web' LIMIT 1 [ RunTime:0.001000s ]
[ sql ] [ SQL ] SHOW COLUMNS FROM `tplay_admin` [ RunTime:0.019001s ]
[ sql ] [ SQL ] SELECT * FROM `tplay_admin` WHERE  `id` = 1 LIMIT 1 [ RunTime:0.001000s ]
[ sql ] [ SQL ] SHOW COLUMNS FROM `tplay_admin_log` [ RunTime:0.016001s ]
[ sql ] [ SQL ] SELECT COUNT(*) AS tp_count FROM `tplay_admin_log` LIMIT 1 [ RunTime:0.000000s ]
[ sql ] [ SQL ] SELECT * FROM `tplay_admin_log` ORDER BY create_time desc LIMIT 0,20 [ RunTime:0.000000s ]
[ sql ] [ SQL ] SHOW COLUMNS FROM `tplay_admin_cate` [ RunTime:0.015001s ]
[ sql ] [ SQL ] SELECT * FROM `tplay_admin_cate` [ RunTime:0.000000s ]
[ sql ] [ SQL ] SHOW COLUMNS FROM `tplay_admin_menu` [ RunTime:0.017000s ]
[ sql ] [ SQL ] SELECT * FROM `tplay_admin_menu` WHERE  `id` = 2 LIMIT 1 [ RunTime:0.001000s ]
[ sql ] [ SQL ] SELECT * FROM `tplay_admin` WHERE  `id` = 1 LIMIT 1 [ RunTime:0.001000s ]
---------------------------------------------------------------
[ 2017-12-22T09:25:26+08:00 ] 127.0.0.1 GET /public/admin/attachment/index.shtml
[ info ] www.tplay.im/public/admin/attachment/index.shtml [运行时间：0.144008s][吞吐率：6.94req/s] [内存消耗：3,357.85kb] [文件加载：68]
[ info ] [ LANG ] E:\phpStudy\WWW\tplay\thinkphp\lang\zh-cn.php
[ info ] [ DB ] INIT mysql
[ info ] [ ROUTE ] array (
  'type' => 'module',
  'module' => 
  array (
    0 => 'admin',
    1 => 'attachment',
    2 => 'index',
  ),
)
[ info ] [ HEADER ] array (
  'host' => 'www.tplay.im',
  'connection' => 'keep-alive',
  'upgrade-insecure-requests' => '1',
  'user-agent' => 'Mozilla/5.0 (Windows NT 6.1; Win64; x64) AppleWebKit/537.36 (KHTML, like Gecko) Chrome/63.0.3239.108 Safari/537.36',
  'accept' => 'text/html,application/xhtml+xml,application/xml;q=0.9,image/webp,image/apng,*/*;q=0.8',
  'referer' => 'http://www.tplay.im/public/admin/index/index.shtml',
  'accept-encoding' => 'gzip, deflate',
  'accept-language' => 'zh-CN,zh;q=0.9',
  'cookie' => 'PHPSESSID=0e6f9o4iu4f4dpfo6pt6oa0b64; admin=1',
)
[ info ] [ PARAM ] array (
)
[ info ] [ RUN ] app\admin\controller\Attachment->index[ E:\phpStudy\WWW\tplay\application\admin\controller\Attachment.php ]
[ info ] [ VIEW ] E:\phpStudy\WWW\tplay\public/../application/admin\view\attachment\index.html [ array (
  0 => 'cookie',
  1 => 'attachment',
) ]
[ info ] [ LOG ] INIT File
[ sql ] [ DB ] CONNECT:[ UseTime:0.010000s ] mysql:host=127.0.0.1;port=3306;dbname=tplay;charset=utf8
[ sql ] [ SQL ] SHOW COLUMNS FROM `tplay_urlconfig` [ RunTime:0.017001s ]
[ sql ] [ SQL ] SELECT `aliases`,`url` FROM `tplay_urlconfig` WHERE  `status` = 1 [ RunTime:0.001000s ]
[ sql ] [ SQL ] SHOW COLUMNS FROM `tplay_webconfig` [ RunTime:0.014001s ]
[ sql ] [ SQL ] SELECT `black_ip` FROM `tplay_webconfig` WHERE  `web` = 'web' LIMIT 1 [ RunTime:0.001000s ]
[ sql ] [ SQL ] SHOW COLUMNS FROM `tplay_admin` [ RunTime:0.019001s ]
[ sql ] [ SQL ] SELECT * FROM `tplay_admin` WHERE  `id` = 1 LIMIT 1 [ RunTime:0.001000s ]
[ sql ] [ SQL ] SHOW COLUMNS FROM `tplay_attachment` [ RunTime:0.015001s ]
[ sql ] [ SQL ] SELECT COUNT(*) AS tp_count FROM `tplay_attachment` LIMIT 1 [ RunTime:0.000000s ]
[ sql ] [ SQL ] SELECT * FROM `tplay_attachment` ORDER BY create_time desc LIMIT 0,20 [ RunTime:0.001000s ]
[ sql ] [ SQL ] SELECT * FROM `tplay_admin` WHERE  `id` = 1 LIMIT 1 [ RunTime:0.001000s ]
---------------------------------------------------------------
[ 2017-12-22T09:28:27+08:00 ] 127.0.0.1 GET /public/admin/index/index.shtml
[ info ] www.tplay.im/public/admin/index/index.shtml [运行时间：0.145008s][吞吐率：6.90req/s] [内存消耗：2,684.41kb] [文件加载：57]
[ info ] [ LANG ] E:\phpStudy\WWW\tplay\thinkphp\lang\zh-cn.php
[ info ] [ DB ] INIT mysql
[ info ] [ ROUTE ] array (
  'type' => 'module',
  'module' => 
  array (
    0 => 'admin',
    1 => 'index',
    2 => 'index',
  ),
)
[ info ] [ HEADER ] array (
  'host' => 'www.tplay.im',
  'connection' => 'keep-alive',
  'cache-control' => 'max-age=0',
  'user-agent' => 'Mozilla/5.0 (Windows NT 6.1; Win64; x64) AppleWebKit/537.36 (KHTML, like Gecko) Chrome/63.0.3239.108 Safari/537.36',
  'upgrade-insecure-requests' => '1',
  'accept' => 'text/html,application/xhtml+xml,application/xml;q=0.9,image/webp,image/apng,*/*;q=0.8',
  'referer' => 'http://www.tplay.im/public/login.shtml',
  'accept-encoding' => 'gzip, deflate',
  'accept-language' => 'zh-CN,zh;q=0.9',
  'cookie' => 'PHPSESSID=0e6f9o4iu4f4dpfo6pt6oa0b64; admin=1',
)
[ info ] [ PARAM ] array (
)
[ info ] [ RUN ] app\admin\controller\Index->index[ E:\phpStudy\WWW\tplay\application\admin\controller\Index.php ]
[ info ] [ VIEW ] E:\phpStudy\WWW\tplay\public/../application/admin\view\index\index.html [ array (
  0 => 'cookie',
  1 => 'menus',
) ]
[ info ] [ LOG ] INIT File
[ sql ] [ DB ] CONNECT:[ UseTime:0.010000s ] mysql:host=127.0.0.1;port=3306;dbname=tplay;charset=utf8
[ sql ] [ SQL ] SHOW COLUMNS FROM `tplay_urlconfig` [ RunTime:0.015000s ]
[ sql ] [ SQL ] SELECT `aliases`,`url` FROM `tplay_urlconfig` WHERE  `status` = 1 [ RunTime:0.000000s ]
[ sql ] [ SQL ] SHOW COLUMNS FROM `tplay_webconfig` [ RunTime:0.015001s ]
[ sql ] [ SQL ] SELECT `black_ip` FROM `tplay_webconfig` WHERE  `web` = 'web' LIMIT 1 [ RunTime:0.001000s ]
[ sql ] [ SQL ] SHOW COLUMNS FROM `tplay_admin` [ RunTime:0.015001s ]
[ sql ] [ SQL ] SELECT * FROM `tplay_admin` WHERE  `id` = 1 LIMIT 1 [ RunTime:0.001000s ]
[ sql ] [ SQL ] SHOW COLUMNS FROM `tplay_admin_menu` [ RunTime:0.015001s ]
[ sql ] [ SQL ] SELECT * FROM `tplay_admin_menu` WHERE  `is_display` = 1 ORDER BY orders asc [ RunTime:0.001000s ]
[ sql ] [ SQL ] SHOW COLUMNS FROM `tplay_attachment` [ RunTime:0.015001s ]
[ sql ] [ SQL ] SELECT * FROM `tplay_attachment` WHERE  `id` = 1 LIMIT 1 [ RunTime:0.001000s ]
---------------------------------------------------------------
[ 2017-12-22T09:28:27+08:00 ] 127.0.0.1 GET /public/admin/main/index
[ info ] www.tplay.im/public/admin/main/index [运行时间：0.156009s][吞吐率：6.41req/s] [内存消耗：2,747.59kb] [文件加载：57]
[ info ] [ LANG ] E:\phpStudy\WWW\tplay\thinkphp\lang\zh-cn.php
[ info ] [ DB ] INIT mysql
[ info ] [ ROUTE ] array (
  'type' => 'module',
  'module' => 
  array (
    0 => 'admin',
    1 => 'main',
    2 => 'index',
  ),
)
[ info ] [ HEADER ] array (
  'host' => 'www.tplay.im',
  'connection' => 'keep-alive',
  'upgrade-insecure-requests' => '1',
  'user-agent' => 'Mozilla/5.0 (Windows NT 6.1; Win64; x64) AppleWebKit/537.36 (KHTML, like Gecko) Chrome/63.0.3239.108 Safari/537.36',
  'accept' => 'text/html,application/xhtml+xml,application/xml;q=0.9,image/webp,image/apng,*/*;q=0.8',
  'referer' => 'http://www.tplay.im/public/admin/index/index.shtml',
  'accept-encoding' => 'gzip, deflate',
  'accept-language' => 'zh-CN,zh;q=0.9',
  'cookie' => 'PHPSESSID=0e6f9o4iu4f4dpfo6pt6oa0b64; admin=1',
)
[ info ] [ PARAM ] array (
)
[ info ] [ RUN ] app\admin\controller\Main->index[ E:\phpStudy\WWW\tplay\application\admin\controller\Main.php ]
[ info ] [ VIEW ] E:\phpStudy\WWW\tplay\public/../application/admin\view\main\index.html [ array (
  0 => 'info',
  1 => 'web',
) ]
[ info ] [ LOG ] INIT File
[ sql ] [ DB ] CONNECT:[ UseTime:0.010001s ] mysql:host=127.0.0.1;port=3306;dbname=tplay;charset=utf8
[ sql ] [ SQL ] SHOW COLUMNS FROM `tplay_urlconfig` [ RunTime:0.019001s ]
[ sql ] [ SQL ] SELECT `aliases`,`url` FROM `tplay_urlconfig` WHERE  `status` = 1 [ RunTime:0.001000s ]
[ sql ] [ SQL ] SHOW COLUMNS FROM `tplay_admin` [ RunTime:0.015001s ]
[ sql ] [ SQL ] SELECT COUNT(*) AS tp_count FROM `tplay_admin` LIMIT 1 [ RunTime:0.000000s ]
[ sql ] [ SQL ] SHOW COLUMNS FROM `tplay_admin_cate` [ RunTime:0.013001s ]
[ sql ] [ SQL ] SELECT COUNT(*) AS tp_count FROM `tplay_admin_cate` LIMIT 1 [ RunTime:0.000000s ]
[ sql ] [ SQL ] SHOW COLUMNS FROM `tplay_article` [ RunTime:0.013000s ]
[ sql ] [ SQL ] SELECT COUNT(*) AS tp_count FROM `tplay_article` LIMIT 1 [ RunTime:0.001001s ]
[ sql ] [ SQL ] SELECT COUNT(*) AS tp_count FROM `tplay_article` WHERE  `status` = 0 LIMIT 1 [ RunTime:0.001000s ]
[ sql ] [ SQL ] SHOW COLUMNS FROM `tplay_attachment` [ RunTime:0.014000s ]
[ sql ] [ SQL ] SELECT COUNT(*) AS tp_count FROM `tplay_attachment` LIMIT 1 [ RunTime:0.001000s ]
[ sql ] [ SQL ] SELECT COUNT(*) AS tp_count FROM `tplay_attachment` WHERE  `status` = 0 LIMIT 1 [ RunTime:0.001001s ]
[ sql ] [ SQL ] SHOW COLUMNS FROM `tplay_messages` [ RunTime:0.014000s ]
[ sql ] [ SQL ] SELECT COUNT(*) AS tp_count FROM `tplay_messages` LIMIT 1 [ RunTime:0.001000s ]
[ sql ] [ SQL ] SELECT COUNT(*) AS tp_count FROM `tplay_messages` WHERE  `is_look` = 0 LIMIT 1 [ RunTime:0.001001s ]
---------------------------------------------------------------
[ 2017-12-22T09:28:41+08:00 ] 127.0.0.1 GET /public/admin/index/index.shtml
[ info ] www.tplay.im/public/admin/index/index.shtml [运行时间：0.151008s][吞吐率：6.62req/s] [内存消耗：2,684.41kb] [文件加载：57]
[ info ] [ LANG ] E:\phpStudy\WWW\tplay\thinkphp\lang\zh-cn.php
[ info ] [ DB ] INIT mysql
[ info ] [ ROUTE ] array (
  'type' => 'module',
  'module' => 
  array (
    0 => 'admin',
    1 => 'index',
    2 => 'index',
  ),
)
[ info ] [ HEADER ] array (
  'host' => 'www.tplay.im',
  'connection' => 'keep-alive',
  'cache-control' => 'max-age=0',
  'user-agent' => 'Mozilla/5.0 (Windows NT 6.1; Win64; x64) AppleWebKit/537.36 (KHTML, like Gecko) Chrome/63.0.3239.108 Safari/537.36',
  'upgrade-insecure-requests' => '1',
  'accept' => 'text/html,application/xhtml+xml,application/xml;q=0.9,image/webp,image/apng,*/*;q=0.8',
  'referer' => 'http://www.tplay.im/public/login.shtml',
  'accept-encoding' => 'gzip, deflate',
  'accept-language' => 'zh-CN,zh;q=0.9',
  'cookie' => 'PHPSESSID=0e6f9o4iu4f4dpfo6pt6oa0b64; admin=1',
)
[ info ] [ PARAM ] array (
)
[ info ] [ RUN ] app\admin\controller\Index->index[ E:\phpStudy\WWW\tplay\application\admin\controller\Index.php ]
[ info ] [ VIEW ] E:\phpStudy\WWW\tplay\public/../application/admin\view\index\index.html [ array (
  0 => 'cookie',
  1 => 'menus',
) ]
[ info ] [ LOG ] INIT File
[ sql ] [ DB ] CONNECT:[ UseTime:0.010000s ] mysql:host=127.0.0.1;port=3306;dbname=tplay;charset=utf8
[ sql ] [ SQL ] SHOW COLUMNS FROM `tplay_urlconfig` [ RunTime:0.016001s ]
[ sql ] [ SQL ] SELECT `aliases`,`url` FROM `tplay_urlconfig` WHERE  `status` = 1 [ RunTime:0.000000s ]
[ sql ] [ SQL ] SHOW COLUMNS FROM `tplay_webconfig` [ RunTime:0.016001s ]
[ sql ] [ SQL ] SELECT `black_ip` FROM `tplay_webconfig` WHERE  `web` = 'web' LIMIT 1 [ RunTime:0.001000s ]
[ sql ] [ SQL ] SHOW COLUMNS FROM `tplay_admin` [ RunTime:0.019001s ]
[ sql ] [ SQL ] SELECT * FROM `tplay_admin` WHERE  `id` = 1 LIMIT 1 [ RunTime:0.001000s ]
[ sql ] [ SQL ] SHOW COLUMNS FROM `tplay_admin_menu` [ RunTime:0.019001s ]
[ sql ] [ SQL ] SELECT * FROM `tplay_admin_menu` WHERE  `is_display` = 1 ORDER BY orders asc [ RunTime:0.001000s ]
[ sql ] [ SQL ] SHOW COLUMNS FROM `tplay_attachment` [ RunTime:0.015001s ]
[ sql ] [ SQL ] SELECT * FROM `tplay_attachment` WHERE  `id` = 1 LIMIT 1 [ RunTime:0.000000s ]
---------------------------------------------------------------
[ 2017-12-22T09:28:41+08:00 ] 127.0.0.1 GET /public/admin/main/index
[ info ] www.tplay.im/public/admin/main/index [运行时间：0.157009s][吞吐率：6.37req/s] [内存消耗：2,747.70kb] [文件加载：57]
[ info ] [ LANG ] E:\phpStudy\WWW\tplay\thinkphp\lang\zh-cn.php
[ info ] [ DB ] INIT mysql
[ info ] [ ROUTE ] array (
  'type' => 'module',
  'module' => 
  array (
    0 => 'admin',
    1 => 'main',
    2 => 'index',
  ),
)
[ info ] [ HEADER ] array (
  'host' => 'www.tplay.im',
  'connection' => 'keep-alive',
  'upgrade-insecure-requests' => '1',
  'user-agent' => 'Mozilla/5.0 (Windows NT 6.1; Win64; x64) AppleWebKit/537.36 (KHTML, like Gecko) Chrome/63.0.3239.108 Safari/537.36',
  'accept' => 'text/html,application/xhtml+xml,application/xml;q=0.9,image/webp,image/apng,*/*;q=0.8',
  'referer' => 'http://www.tplay.im/public/admin/index/index.shtml',
  'accept-encoding' => 'gzip, deflate',
  'accept-language' => 'zh-CN,zh;q=0.9',
  'cookie' => 'PHPSESSID=0e6f9o4iu4f4dpfo6pt6oa0b64; admin=1',
)
[ info ] [ PARAM ] array (
)
[ info ] [ RUN ] app\admin\controller\Main->index[ E:\phpStudy\WWW\tplay\application\admin\controller\Main.php ]
[ info ] [ VIEW ] E:\phpStudy\WWW\tplay\public/../application/admin\view\main\index.html [ array (
  0 => 'info',
  1 => 'web',
) ]
[ info ] [ LOG ] INIT File
[ sql ] [ DB ] CONNECT:[ UseTime:0.011001s ] mysql:host=127.0.0.1;port=3306;dbname=tplay;charset=utf8
[ sql ] [ SQL ] SHOW COLUMNS FROM `tplay_urlconfig` [ RunTime:0.021001s ]
[ sql ] [ SQL ] SELECT `aliases`,`url` FROM `tplay_urlconfig` WHERE  `status` = 1 [ RunTime:0.001000s ]
[ sql ] [ SQL ] SHOW COLUMNS FROM `tplay_admin` [ RunTime:0.014001s ]
[ sql ] [ SQL ] SELECT COUNT(*) AS tp_count FROM `tplay_admin` LIMIT 1 [ RunTime:0.000000s ]
[ sql ] [ SQL ] SHOW COLUMNS FROM `tplay_admin_cate` [ RunTime:0.015000s ]
[ sql ] [ SQL ] SELECT COUNT(*) AS tp_count FROM `tplay_admin_cate` LIMIT 1 [ RunTime:0.000000s ]
[ sql ] [ SQL ] SHOW COLUMNS FROM `tplay_article` [ RunTime:0.013000s ]
[ sql ] [ SQL ] SELECT COUNT(*) AS tp_count FROM `tplay_article` LIMIT 1 [ RunTime:0.001000s ]
[ sql ] [ SQL ] SELECT COUNT(*) AS tp_count FROM `tplay_article` WHERE  `status` = 0 LIMIT 1 [ RunTime:0.000000s ]
[ sql ] [ SQL ] SHOW COLUMNS FROM `tplay_attachment` [ RunTime:0.013001s ]
[ sql ] [ SQL ] SELECT COUNT(*) AS tp_count FROM `tplay_attachment` LIMIT 1 [ RunTime:0.001000s ]
[ sql ] [ SQL ] SELECT COUNT(*) AS tp_count FROM `tplay_attachment` WHERE  `status` = 0 LIMIT 1 [ RunTime:0.001000s ]
[ sql ] [ SQL ] SHOW COLUMNS FROM `tplay_messages` [ RunTime:0.014001s ]
[ sql ] [ SQL ] SELECT COUNT(*) AS tp_count FROM `tplay_messages` LIMIT 1 [ RunTime:0.000000s ]
[ sql ] [ SQL ] SELECT COUNT(*) AS tp_count FROM `tplay_messages` WHERE  `is_look` = 0 LIMIT 1 [ RunTime:0.001000s ]
---------------------------------------------------------------
[ 2017-12-22T09:29:42+08:00 ] 127.0.0.1 GET /public/admin/index/index.shtml
[ info ] www.tplay.im/public/admin/index/index.shtml [运行时间：0.135008s][吞吐率：7.41req/s] [内存消耗：2,684.41kb] [文件加载：57]
[ info ] [ LANG ] E:\phpStudy\WWW\tplay\thinkphp\lang\zh-cn.php
[ info ] [ DB ] INIT mysql
[ info ] [ ROUTE ] array (
  'type' => 'module',
  'module' => 
  array (
    0 => 'admin',
    1 => 'index',
    2 => 'index',
  ),
)
[ info ] [ HEADER ] array (
  'host' => 'www.tplay.im',
  'connection' => 'keep-alive',
  'cache-control' => 'max-age=0',
  'user-agent' => 'Mozilla/5.0 (Windows NT 6.1; Win64; x64) AppleWebKit/537.36 (KHTML, like Gecko) Chrome/63.0.3239.108 Safari/537.36',
  'upgrade-insecure-requests' => '1',
  'accept' => 'text/html,application/xhtml+xml,application/xml;q=0.9,image/webp,image/apng,*/*;q=0.8',
  'referer' => 'http://www.tplay.im/public/login.shtml',
  'accept-encoding' => 'gzip, deflate',
  'accept-language' => 'zh-CN,zh;q=0.9',
  'cookie' => 'PHPSESSID=0e6f9o4iu4f4dpfo6pt6oa0b64; admin=1',
)
[ info ] [ PARAM ] array (
)
[ info ] [ RUN ] app\admin\controller\Index->index[ E:\phpStudy\WWW\tplay\application\admin\controller\Index.php ]
[ info ] [ VIEW ] E:\phpStudy\WWW\tplay\public/../application/admin\view\index\index.html [ array (
  0 => 'cookie',
  1 => 'menus',
) ]
[ info ] [ LOG ] INIT File
[ sql ] [ DB ] CONNECT:[ UseTime:0.011000s ] mysql:host=127.0.0.1;port=3306;dbname=tplay;charset=utf8
[ sql ] [ SQL ] SHOW COLUMNS FROM `tplay_urlconfig` [ RunTime:0.013001s ]
[ sql ] [ SQL ] SELECT `aliases`,`url` FROM `tplay_urlconfig` WHERE  `status` = 1 [ RunTime:0.000000s ]
[ sql ] [ SQL ] SHOW COLUMNS FROM `tplay_webconfig` [ RunTime:0.014000s ]
[ sql ] [ SQL ] SELECT `black_ip` FROM `tplay_webconfig` WHERE  `web` = 'web' LIMIT 1 [ RunTime:0.000000s ]
[ sql ] [ SQL ] SHOW COLUMNS FROM `tplay_admin` [ RunTime:0.014000s ]
[ sql ] [ SQL ] SELECT * FROM `tplay_admin` WHERE  `id` = 1 LIMIT 1 [ RunTime:0.001001s ]
[ sql ] [ SQL ] SHOW COLUMNS FROM `tplay_admin_menu` [ RunTime:0.018001s ]
[ sql ] [ SQL ] SELECT * FROM `tplay_admin_menu` WHERE  `is_display` = 1 ORDER BY orders asc [ RunTime:0.001000s ]
[ sql ] [ SQL ] SHOW COLUMNS FROM `tplay_attachment` [ RunTime:0.015001s ]
[ sql ] [ SQL ] SELECT * FROM `tplay_attachment` WHERE  `id` = 1 LIMIT 1 [ RunTime:0.001000s ]
---------------------------------------------------------------
[ 2017-12-22T09:29:42+08:00 ] 127.0.0.1 GET /public/admin/main/index
[ info ] www.tplay.im/public/admin/main/index [运行时间：0.154009s][吞吐率：6.49req/s] [内存消耗：2,747.70kb] [文件加载：57]
[ info ] [ LANG ] E:\phpStudy\WWW\tplay\thinkphp\lang\zh-cn.php
[ info ] [ DB ] INIT mysql
[ info ] [ ROUTE ] array (
  'type' => 'module',
  'module' => 
  array (
    0 => 'admin',
    1 => 'main',
    2 => 'index',
  ),
)
[ info ] [ HEADER ] array (
  'host' => 'www.tplay.im',
  'connection' => 'keep-alive',
  'upgrade-insecure-requests' => '1',
  'user-agent' => 'Mozilla/5.0 (Windows NT 6.1; Win64; x64) AppleWebKit/537.36 (KHTML, like Gecko) Chrome/63.0.3239.108 Safari/537.36',
  'accept' => 'text/html,application/xhtml+xml,application/xml;q=0.9,image/webp,image/apng,*/*;q=0.8',
  'referer' => 'http://www.tplay.im/public/admin/index/index.shtml',
  'accept-encoding' => 'gzip, deflate',
  'accept-language' => 'zh-CN,zh;q=0.9',
  'cookie' => 'PHPSESSID=0e6f9o4iu4f4dpfo6pt6oa0b64; admin=1',
)
[ info ] [ PARAM ] array (
)
[ info ] [ RUN ] app\admin\controller\Main->index[ E:\phpStudy\WWW\tplay\application\admin\controller\Main.php ]
[ info ] [ VIEW ] E:\phpStudy\WWW\tplay\public/../application/admin\view\main\index.html [ array (
  0 => 'info',
  1 => 'web',
) ]
[ info ] [ LOG ] INIT File
[ sql ] [ DB ] CONNECT:[ UseTime:0.010001s ] mysql:host=127.0.0.1;port=3306;dbname=tplay;charset=utf8
[ sql ] [ SQL ] SHOW COLUMNS FROM `tplay_urlconfig` [ RunTime:0.027002s ]
[ sql ] [ SQL ] SELECT `aliases`,`url` FROM `tplay_urlconfig` WHERE  `status` = 1 [ RunTime:0.001000s ]
[ sql ] [ SQL ] SHOW COLUMNS FROM `tplay_admin` [ RunTime:0.013001s ]
[ sql ] [ SQL ] SELECT COUNT(*) AS tp_count FROM `tplay_admin` LIMIT 1 [ RunTime:0.000000s ]
[ sql ] [ SQL ] SHOW COLUMNS FROM `tplay_admin_cate` [ RunTime:0.013000s ]
[ sql ] [ SQL ] SELECT COUNT(*) AS tp_count FROM `tplay_admin_cate` LIMIT 1 [ RunTime:0.000000s ]
[ sql ] [ SQL ] SHOW COLUMNS FROM `tplay_article` [ RunTime:0.015000s ]
[ sql ] [ SQL ] SELECT COUNT(*) AS tp_count FROM `tplay_article` LIMIT 1 [ RunTime:0.001000s ]
[ sql ] [ SQL ] SELECT COUNT(*) AS tp_count FROM `tplay_article` WHERE  `status` = 0 LIMIT 1 [ RunTime:0.000000s ]
[ sql ] [ SQL ] SHOW COLUMNS FROM `tplay_attachment` [ RunTime:0.013001s ]
[ sql ] [ SQL ] SELECT COUNT(*) AS tp_count FROM `tplay_attachment` LIMIT 1 [ RunTime:0.000000s ]
[ sql ] [ SQL ] SELECT COUNT(*) AS tp_count FROM `tplay_attachment` WHERE  `status` = 0 LIMIT 1 [ RunTime:0.001000s ]
[ sql ] [ SQL ] SHOW COLUMNS FROM `tplay_messages` [ RunTime:0.015001s ]
[ sql ] [ SQL ] SELECT COUNT(*) AS tp_count FROM `tplay_messages` LIMIT 1 [ RunTime:0.000000s ]
[ sql ] [ SQL ] SELECT COUNT(*) AS tp_count FROM `tplay_messages` WHERE  `is_look` = 0 LIMIT 1 [ RunTime:0.000000s ]
---------------------------------------------------------------
[ 2017-12-22T09:30:30+08:00 ] 127.0.0.1 GET /public/admin/urlsconfig/index.shtml
[ info ] www.tplay.im/public/admin/urlsconfig/index.shtml [运行时间：0.145008s][吞吐率：6.90req/s] [内存消耗：3,210.35kb] [文件加载：64]
[ info ] [ LANG ] E:\phpStudy\WWW\tplay\thinkphp\lang\zh-cn.php
[ info ] [ DB ] INIT mysql
[ info ] [ ROUTE ] array (
  'type' => 'module',
  'module' => 
  array (
    0 => 'admin',
    1 => 'urlsconfig',
    2 => 'index',
  ),
)
[ info ] [ HEADER ] array (
  'host' => 'www.tplay.im',
  'connection' => 'keep-alive',
  'upgrade-insecure-requests' => '1',
  'user-agent' => 'Mozilla/5.0 (Windows NT 6.1; Win64; x64) AppleWebKit/537.36 (KHTML, like Gecko) Chrome/63.0.3239.108 Safari/537.36',
  'accept' => 'text/html,application/xhtml+xml,application/xml;q=0.9,image/webp,image/apng,*/*;q=0.8',
  'referer' => 'http://www.tplay.im/public/admin/index/index.shtml',
  'accept-encoding' => 'gzip, deflate',
  'accept-language' => 'zh-CN,zh;q=0.9',
  'cookie' => 'PHPSESSID=0e6f9o4iu4f4dpfo6pt6oa0b64; admin=1',
)
[ info ] [ PARAM ] array (
)
[ info ] [ RUN ] app\admin\controller\Urlsconfig->index[ E:\phpStudy\WWW\tplay\application\admin\controller\Urlsconfig.php ]
[ info ] [ VIEW ] E:\phpStudy\WWW\tplay\public/../application/admin\view\urlsconfig\index.html [ array (
  0 => 'cookie',
  1 => 'urlconfig',
) ]
[ info ] [ LOG ] INIT File
[ sql ] [ DB ] CONNECT:[ UseTime:0.012000s ] mysql:host=127.0.0.1;port=3306;dbname=tplay;charset=utf8
[ sql ] [ SQL ] SHOW COLUMNS FROM `tplay_urlconfig` [ RunTime:0.019001s ]
[ sql ] [ SQL ] SELECT `aliases`,`url` FROM `tplay_urlconfig` WHERE  `status` = 1 [ RunTime:0.000000s ]
[ sql ] [ SQL ] SHOW COLUMNS FROM `tplay_webconfig` [ RunTime:0.019001s ]
[ sql ] [ SQL ] SELECT `black_ip` FROM `tplay_webconfig` WHERE  `web` = 'web' LIMIT 1 [ RunTime:0.001000s ]
[ sql ] [ SQL ] SHOW COLUMNS FROM `tplay_admin` [ RunTime:0.016001s ]
[ sql ] [ SQL ] SELECT * FROM `tplay_admin` WHERE  `id` = 1 LIMIT 1 [ RunTime:0.001000s ]
[ sql ] [ SQL ] SELECT COUNT(*) AS tp_count FROM `tplay_urlconfig` LIMIT 1 [ RunTime:0.000000s ]
[ sql ] [ SQL ] SELECT * FROM `tplay_urlconfig` ORDER BY create_time desc LIMIT 0,20 [ RunTime:0.001000s ]
---------------------------------------------------------------
[ 2017-12-22T09:31:37+08:00 ] 127.0.0.1 GET /public/admin/menu/index.shtml
[ info ] www.tplay.im/public/admin/menu/index.shtml [运行时间：0.176010s][吞吐率：5.68req/s] [内存消耗：3,501.76kb] [文件加载：61]
[ info ] [ LANG ] E:\phpStudy\WWW\tplay\thinkphp\lang\zh-cn.php
[ info ] [ DB ] INIT mysql
[ info ] [ ROUTE ] array (
  'type' => 'module',
  'module' => 
  array (
    0 => 'admin',
    1 => 'menu',
    2 => 'index',
  ),
)
[ info ] [ HEADER ] array (
  'host' => 'www.tplay.im',
  'connection' => 'keep-alive',
  'upgrade-insecure-requests' => '1',
  'user-agent' => 'Mozilla/5.0 (Windows NT 6.1; Win64; x64) AppleWebKit/537.36 (KHTML, like Gecko) Chrome/63.0.3239.108 Safari/537.36',
  'accept' => 'text/html,application/xhtml+xml,application/xml;q=0.9,image/webp,image/apng,*/*;q=0.8',
  'referer' => 'http://www.tplay.im/public/admin/index/index.shtml',
  'accept-encoding' => 'gzip, deflate',
  'accept-language' => 'zh-CN,zh;q=0.9',
  'cookie' => 'PHPSESSID=0e6f9o4iu4f4dpfo6pt6oa0b64; admin=1',
)
[ info ] [ PARAM ] array (
)
[ info ] [ RUN ] app\admin\controller\Menu->index[ E:\phpStudy\WWW\tplay\application\admin\controller\Menu.php ]
[ info ] [ VIEW ] E:\phpStudy\WWW\tplay\public/../application/admin\view\menu\index.html [ array (
  0 => 'cookie',
  1 => 'menus',
) ]
[ info ] [ LOG ] INIT File
[ sql ] [ DB ] CONNECT:[ UseTime:0.001000s ] mysql:host=127.0.0.1;port=3306;dbname=tplay;charset=utf8
[ sql ] [ SQL ] SHOW COLUMNS FROM `tplay_urlconfig` [ RunTime:0.019001s ]
[ sql ] [ SQL ] SELECT `aliases`,`url` FROM `tplay_urlconfig` WHERE  `status` = 1 [ RunTime:0.001000s ]
[ sql ] [ SQL ] SHOW COLUMNS FROM `tplay_webconfig` [ RunTime:0.016001s ]
[ sql ] [ SQL ] SELECT `black_ip` FROM `tplay_webconfig` WHERE  `web` = 'web' LIMIT 1 [ RunTime:0.001000s ]
[ sql ] [ SQL ] SHOW COLUMNS FROM `tplay_admin` [ RunTime:0.016001s ]
[ sql ] [ SQL ] SELECT * FROM `tplay_admin` WHERE  `id` = 1 LIMIT 1 [ RunTime:0.001000s ]
[ sql ] [ SQL ] SHOW COLUMNS FROM `tplay_admin_menu` [ RunTime:0.019001s ]
[ sql ] [ SQL ] SELECT * FROM `tplay_admin_menu` ORDER BY orders asc [ RunTime:0.002000s ]
